{"C:\\Users\\User\\OneDrive\\Documents\\kuliah\\smt 7\\Proyek Perangkat Lunak II\\SIP\\ppl2-sip\\backend\\index.js": {"path":"C:\\Users\\User\\OneDrive\\Documents\\kuliah\\smt 7\\Proyek Perangkat Lunak II\\SIP\\ppl2-sip\\backend\\index.js","statementMap":{"0":{"start":{"line":14,"column":0},"end":{"line":14,"column":15}},"1":{"start":{"line":16,"column":12},"end":{"line":16,"column":21}},"2":{"start":{"line":17,"column":19},"end":{"line":20,"column":1}},"3":{"start":{"line":21,"column":0},"end":{"line":26,"column":1}},"4":{"start":{"line":22,"column":4},"end":{"line":22,"column":89}},"5":{"start":{"line":24,"column":4},"end":{"line":24,"column":136}},"6":{"start":{"line":27,"column":11},"end":{"line":27,"column":30}},"7":{"start":{"line":28,"column":0},"end":{"line":28,"column":43}},"8":{"start":{"line":28,"column":24},"end":{"line":28,"column":42}},"9":{"start":{"line":29,"column":0},"end":{"line":29,"column":56}},"10":{"start":{"line":29,"column":22},"end":{"line":29,"column":55}},"11":{"start":{"line":31,"column":0},"end":{"line":31,"column":15}},"12":{"start":{"line":32,"column":0},"end":{"line":32,"column":24}},"13":{"start":{"line":33,"column":0},"end":{"line":33,"column":48}},"14":{"start":{"line":34,"column":0},"end":{"line":34,"column":18}},"15":{"start":{"line":37,"column":0},"end":{"line":37,"column":27}},"16":{"start":{"line":38,"column":0},"end":{"line":38,"column":24}},"17":{"start":{"line":39,"column":0},"end":{"line":39,"column":20}},"18":{"start":{"line":40,"column":0},"end":{"line":40,"column":19}},"19":{"start":{"line":41,"column":0},"end":{"line":41,"column":24}},"20":{"start":{"line":42,"column":0},"end":{"line":42,"column":22}},"21":{"start":{"line":44,"column":0},"end":{"line":44,"column":99}},"22":{"start":{"line":44,"column":34},"end":{"line":44,"column":98}}},"fnMap":{"0":{"name":"(anonymous_0)","decl":{"start":{"line":28,"column":15},"end":{"line":28,"column":16}},"loc":{"start":{"line":28,"column":24},"end":{"line":28,"column":42}},"line":28},"1":{"name":"(anonymous_1)","decl":{"start":{"line":29,"column":16},"end":{"line":29,"column":17}},"loc":{"start":{"line":29,"column":22},"end":{"line":29,"column":55}},"line":29},"2":{"name":"(anonymous_2)","decl":{"start":{"line":44,"column":29},"end":{"line":44,"column":30}},"loc":{"start":{"line":44,"column":34},"end":{"line":44,"column":98}},"line":44}},"branchMap":{"0":{"loc":{"start":{"line":21,"column":0},"end":{"line":26,"column":1}},"type":"if","locations":[{"start":{"line":21,"column":0},"end":{"line":26,"column":1}},{"start":{"line":23,"column":6},"end":{"line":26,"column":1}}],"line":21}},"s":{"0":7,"1":7,"2":7,"3":7,"4":7,"5":0,"6":7,"7":7,"8":0,"9":7,"10":7,"11":7,"12":7,"13":7,"14":7,"15":7,"16":7,"17":7,"18":7,"19":7,"20":7,"21":7,"22":1},"f":{"0":0,"1":7,"2":1},"b":{"0":[7,0]},"_coverageSchema":"1a1c01bbd47fc00a2c39e90264f33305004495a9","hash":"5db95187cb37c21232055e06827fb4f69d4e0f4d"}
,"C:\\Users\\User\\OneDrive\\Documents\\kuliah\\smt 7\\Proyek Perangkat Lunak II\\SIP\\ppl2-sip\\backend\\Middlewares\\verifyTokenMiddleware.js": {"path":"C:\\Users\\User\\OneDrive\\Documents\\kuliah\\smt 7\\Proyek Perangkat Lunak II\\SIP\\ppl2-sip\\backend\\Middlewares\\verifyTokenMiddleware.js","statementMap":{"0":{"start":{"line":3,"column":30},"end":{"line":21,"column":1}},"1":{"start":{"line":5,"column":16},"end":{"line":5,"column":43}},"2":{"start":{"line":7,"column":2},"end":{"line":9,"column":3}},"3":{"start":{"line":8,"column":4},"end":{"line":8,"column":82}},"4":{"start":{"line":11,"column":2},"end":{"line":20,"column":3}},"5":{"start":{"line":12,"column":22},"end":{"line":12,"column":58}},"6":{"start":{"line":13,"column":20},"end":{"line":13,"column":48}},"7":{"start":{"line":14,"column":4},"end":{"line":14,"column":51}},"8":{"start":{"line":15,"column":4},"end":{"line":15,"column":23}},"9":{"start":{"line":16,"column":4},"end":{"line":16,"column":11}},"10":{"start":{"line":18,"column":4},"end":{"line":18,"column":54}},"11":{"start":{"line":19,"column":4},"end":{"line":19,"column":78}}},"fnMap":{"0":{"name":"(anonymous_0)","decl":{"start":{"line":3,"column":30},"end":{"line":3,"column":31}},"loc":{"start":{"line":3,"column":50},"end":{"line":21,"column":1}},"line":3}},"branchMap":{"0":{"loc":{"start":{"line":7,"column":2},"end":{"line":9,"column":3}},"type":"if","locations":[{"start":{"line":7,"column":2},"end":{"line":9,"column":3}},{"start":{},"end":{}}],"line":7}},"s":{"0":7,"1":6,"2":6,"3":2,"4":4,"5":4,"6":4,"7":2,"8":2,"9":2,"10":2,"11":2},"f":{"0":6},"b":{"0":[2,4]},"_coverageSchema":"1a1c01bbd47fc00a2c39e90264f33305004495a9","hash":"0db6a2789b078f53d9b55b0681fea296b8604a45"}
,"C:\\Users\\User\\OneDrive\\Documents\\kuliah\\smt 7\\Proyek Perangkat Lunak II\\SIP\\ppl2-sip\\backend\\controllers\\CalonDPRController.js": {"path":"C:\\Users\\User\\OneDrive\\Documents\\kuliah\\smt 7\\Proyek Perangkat Lunak II\\SIP\\ppl2-sip\\backend\\controllers\\CalonDPRController.js","statementMap":{"0":{"start":{"line":4,"column":30},"end":{"line":11,"column":1}},"1":{"start":{"line":5,"column":4},"end":{"line":10,"column":5}},"2":{"start":{"line":6,"column":28},"end":{"line":6,"column":59}},"3":{"start":{"line":7,"column":8},"end":{"line":7,"column":42}},"4":{"start":{"line":9,"column":8},"end":{"line":9,"column":57}},"5":{"start":{"line":14,"column":31},"end":{"line":21,"column":1}},"6":{"start":{"line":15,"column":4},"end":{"line":20,"column":5}},"7":{"start":{"line":16,"column":26},"end":{"line":16,"column":47}},"8":{"start":{"line":17,"column":8},"end":{"line":17,"column":28}},"9":{"start":{"line":19,"column":8},"end":{"line":19,"column":57}},"10":{"start":{"line":24,"column":31},"end":{"line":34,"column":1}},"11":{"start":{"line":25,"column":4},"end":{"line":33,"column":5}},"12":{"start":{"line":26,"column":25},"end":{"line":26,"column":63}},"13":{"start":{"line":27,"column":8},"end":{"line":29,"column":9}},"14":{"start":{"line":28,"column":12},"end":{"line":28,"column":76}},"15":{"start":{"line":30,"column":8},"end":{"line":30,"column":27}},"16":{"start":{"line":32,"column":8},"end":{"line":32,"column":57}},"17":{"start":{"line":37,"column":30},"end":{"line":51,"column":1}},"18":{"start":{"line":38,"column":4},"end":{"line":50,"column":5}},"19":{"start":{"line":39,"column":32},"end":{"line":43,"column":9}},"20":{"start":{"line":44,"column":8},"end":{"line":46,"column":9}},"21":{"start":{"line":45,"column":12},"end":{"line":45,"column":76}},"22":{"start":{"line":47,"column":8},"end":{"line":47,"column":34}},"23":{"start":{"line":49,"column":8},"end":{"line":49,"column":57}},"24":{"start":{"line":54,"column":30},"end":{"line":64,"column":1}},"25":{"start":{"line":55,"column":4},"end":{"line":63,"column":5}},"26":{"start":{"line":56,"column":32},"end":{"line":56,"column":79}},"27":{"start":{"line":57,"column":8},"end":{"line":59,"column":9}},"28":{"start":{"line":58,"column":12},"end":{"line":58,"column":76}},"29":{"start":{"line":60,"column":8},"end":{"line":60,"column":34}},"30":{"start":{"line":62,"column":8},"end":{"line":62,"column":57}}},"fnMap":{"0":{"name":"(anonymous_0)","decl":{"start":{"line":4,"column":30},"end":{"line":4,"column":31}},"loc":{"start":{"line":4,"column":50},"end":{"line":11,"column":1}},"line":4},"1":{"name":"(anonymous_1)","decl":{"start":{"line":14,"column":31},"end":{"line":14,"column":32}},"loc":{"start":{"line":14,"column":51},"end":{"line":21,"column":1}},"line":14},"2":{"name":"(anonymous_2)","decl":{"start":{"line":24,"column":31},"end":{"line":24,"column":32}},"loc":{"start":{"line":24,"column":51},"end":{"line":34,"column":1}},"line":24},"3":{"name":"(anonymous_3)","decl":{"start":{"line":37,"column":30},"end":{"line":37,"column":31}},"loc":{"start":{"line":37,"column":50},"end":{"line":51,"column":1}},"line":37},"4":{"name":"(anonymous_4)","decl":{"start":{"line":54,"column":30},"end":{"line":54,"column":31}},"loc":{"start":{"line":54,"column":50},"end":{"line":64,"column":1}},"line":54}},"branchMap":{"0":{"loc":{"start":{"line":27,"column":8},"end":{"line":29,"column":9}},"type":"if","locations":[{"start":{"line":27,"column":8},"end":{"line":29,"column":9}},{"start":{},"end":{}}],"line":27},"1":{"loc":{"start":{"line":44,"column":8},"end":{"line":46,"column":9}},"type":"if","locations":[{"start":{"line":44,"column":8},"end":{"line":46,"column":9}},{"start":{},"end":{}}],"line":44},"2":{"loc":{"start":{"line":57,"column":8},"end":{"line":59,"column":9}},"type":"if","locations":[{"start":{"line":57,"column":8},"end":{"line":59,"column":9}},{"start":{},"end":{}}],"line":57}},"s":{"0":7,"1":1,"2":1,"3":1,"4":0,"5":7,"6":1,"7":1,"8":0,"9":1,"10":7,"11":3,"12":3,"13":2,"14":1,"15":1,"16":1,"17":7,"18":2,"19":2,"20":1,"21":0,"22":1,"23":1,"24":7,"25":3,"26":3,"27":2,"28":1,"29":1,"30":1},"f":{"0":1,"1":1,"2":3,"3":2,"4":3},"b":{"0":[1,1],"1":[0,1],"2":[1,1]},"_coverageSchema":"1a1c01bbd47fc00a2c39e90264f33305004495a9","hash":"8c603f4f63379ba6985db06e4747e3fbacd301ec"}
,"C:\\Users\\User\\OneDrive\\Documents\\kuliah\\smt 7\\Proyek Perangkat Lunak II\\SIP\\ppl2-sip\\backend\\controllers\\ForumController.js": {"path":"C:\\Users\\User\\OneDrive\\Documents\\kuliah\\smt 7\\Proyek Perangkat Lunak II\\SIP\\ppl2-sip\\backend\\controllers\\ForumController.js","statementMap":{"0":{"start":{"line":6,"column":28},"end":{"line":24,"column":1}},"1":{"start":{"line":7,"column":0},"end":{"line":23,"column":1}},"2":{"start":{"line":8,"column":19},"end":{"line":8,"column":59}},"3":{"start":{"line":9,"column":31},"end":{"line":19,"column":9}},"4":{"start":{"line":10,"column":21},"end":{"line":10,"column":58}},"5":{"start":{"line":11,"column":32},"end":{"line":11,"column":36}},"6":{"start":{"line":12,"column":29},"end":{"line":12,"column":82}},"7":{"start":{"line":14,"column":8},"end":{"line":18,"column":10}},"8":{"start":{"line":20,"column":6},"end":{"line":20,"column":35}},"9":{"start":{"line":22,"column":4},"end":{"line":22,"column":53}},"10":{"start":{"line":27,"column":28},"end":{"line":70,"column":1}},"11":{"start":{"line":28,"column":20},"end":{"line":28,"column":38}},"12":{"start":{"line":29,"column":4},"end":{"line":69,"column":5}},"13":{"start":{"line":30,"column":22},"end":{"line":30,"column":51}},"14":{"start":{"line":31,"column":8},"end":{"line":33,"column":9}},"15":{"start":{"line":32,"column":12},"end":{"line":32,"column":73}},"16":{"start":{"line":35,"column":25},"end":{"line":35,"column":89}},"17":{"start":{"line":36,"column":37},"end":{"line":55,"column":11}},"18":{"start":{"line":37,"column":25},"end":{"line":37,"column":64}},"19":{"start":{"line":38,"column":36},"end":{"line":38,"column":40}},"20":{"start":{"line":40,"column":40},"end":{"line":48,"column":15}},"21":{"start":{"line":41,"column":34},"end":{"line":41,"column":71}},"22":{"start":{"line":42,"column":71},"end":{"line":42,"column":80}},"23":{"start":{"line":44,"column":16},"end":{"line":47,"column":18}},"24":{"start":{"line":50,"column":12},"end":{"line":54,"column":14}},"25":{"start":{"line":57,"column":21},"end":{"line":57,"column":58}},"26":{"start":{"line":58,"column":32},"end":{"line":58,"column":36}},"27":{"start":{"line":60,"column":45},"end":{"line":64,"column":9}},"28":{"start":{"line":66,"column":8},"end":{"line":66,"column":47}},"29":{"start":{"line":68,"column":8},"end":{"line":68,"column":57}},"30":{"start":{"line":74,"column":27},"end":{"line":100,"column":1}},"31":{"start":{"line":75,"column":39},"end":{"line":75,"column":47}},"32":{"start":{"line":77,"column":4},"end":{"line":99,"column":5}},"33":{"start":{"line":78,"column":17},"end":{"line":78,"column":48}},"34":{"start":{"line":79,"column":4},"end":{"line":81,"column":5}},"35":{"start":{"line":80,"column":8},"end":{"line":80,"column":68}},"36":{"start":{"line":83,"column":21},"end":{"line":87,"column":6}},"37":{"start":{"line":89,"column":23},"end":{"line":89,"column":44}},"38":{"start":{"line":90,"column":28},"end":{"line":90,"column":32}},"39":{"start":{"line":91,"column":30},"end":{"line":94,"column":5}},"40":{"start":{"line":96,"column":4},"end":{"line":96,"column":44}},"41":{"start":{"line":98,"column":4},"end":{"line":98,"column":53}},"42":{"start":{"line":103,"column":25},"end":{"line":118,"column":1}},"43":{"start":{"line":104,"column":27},"end":{"line":104,"column":35}},"44":{"start":{"line":105,"column":20},"end":{"line":105,"column":38}},"45":{"start":{"line":107,"column":4},"end":{"line":117,"column":5}},"46":{"start":{"line":108,"column":18},"end":{"line":112,"column":5}},"47":{"start":{"line":114,"column":4},"end":{"line":114,"column":20}},"48":{"start":{"line":116,"column":4},"end":{"line":116,"column":53}},"49":{"start":{"line":121,"column":27},"end":{"line":130,"column":1}},"50":{"start":{"line":122,"column":20},"end":{"line":122,"column":38}},"51":{"start":{"line":124,"column":4},"end":{"line":129,"column":5}},"52":{"start":{"line":125,"column":4},"end":{"line":125,"column":43}},"53":{"start":{"line":126,"column":4},"end":{"line":126,"column":57}},"54":{"start":{"line":128,"column":4},"end":{"line":128,"column":53}},"55":{"start":{"line":133,"column":29},"end":{"line":159,"column":1}},"56":{"start":{"line":134,"column":46},"end":{"line":134,"column":54}},"57":{"start":{"line":136,"column":4},"end":{"line":158,"column":5}},"58":{"start":{"line":137,"column":17},"end":{"line":137,"column":48}},"59":{"start":{"line":138,"column":4},"end":{"line":140,"column":5}},"60":{"start":{"line":139,"column":8},"end":{"line":139,"column":68}},"61":{"start":{"line":142,"column":23},"end":{"line":146,"column":6}},"62":{"start":{"line":148,"column":25},"end":{"line":148,"column":48}},"63":{"start":{"line":149,"column":28},"end":{"line":149,"column":32}},"64":{"start":{"line":150,"column":32},"end":{"line":153,"column":5}},"65":{"start":{"line":155,"column":4},"end":{"line":155,"column":46}},"66":{"start":{"line":157,"column":4},"end":{"line":157,"column":53}},"67":{"start":{"line":162,"column":24},"end":{"line":195,"column":1}},"68":{"start":{"line":163,"column":36},"end":{"line":163,"column":44}},"69":{"start":{"line":164,"column":22},"end":{"line":164,"column":42}},"70":{"start":{"line":166,"column":4},"end":{"line":194,"column":5}},"71":{"start":{"line":167,"column":17},"end":{"line":167,"column":48}},"72":{"start":{"line":168,"column":4},"end":{"line":170,"column":5}},"73":{"start":{"line":169,"column":8},"end":{"line":169,"column":68}},"74":{"start":{"line":172,"column":20},"end":{"line":172,"column":53}},"75":{"start":{"line":173,"column":4},"end":{"line":175,"column":5}},"76":{"start":{"line":174,"column":8},"end":{"line":174,"column":71}},"77":{"start":{"line":177,"column":21},"end":{"line":180,"column":5}},"78":{"start":{"line":182,"column":4},"end":{"line":182,"column":35}},"79":{"start":{"line":183,"column":4},"end":{"line":183,"column":25}},"80":{"start":{"line":185,"column":28},"end":{"line":185,"column":32}},"81":{"start":{"line":186,"column":30},"end":{"line":189,"column":5}},"82":{"start":{"line":191,"column":4},"end":{"line":191,"column":44}},"83":{"start":{"line":193,"column":4},"end":{"line":193,"column":53}},"84":{"start":{"line":198,"column":34},"end":{"line":225,"column":1}},"85":{"start":{"line":199,"column":24},"end":{"line":199,"column":32}},"86":{"start":{"line":200,"column":35},"end":{"line":200,"column":45}},"87":{"start":{"line":202,"column":4},"end":{"line":224,"column":5}},"88":{"start":{"line":205,"column":4},"end":{"line":219,"column":5}},"89":{"start":{"line":206,"column":24},"end":{"line":210,"column":9}},"90":{"start":{"line":211,"column":8},"end":{"line":211,"column":90}},"91":{"start":{"line":211,"column":56},"end":{"line":211,"column":88}},"92":{"start":{"line":213,"column":24},"end":{"line":217,"column":9}},"93":{"start":{"line":218,"column":8},"end":{"line":218,"column":32}},"94":{"start":{"line":221,"column":4},"end":{"line":221,"column":28}},"95":{"start":{"line":223,"column":4},"end":{"line":223,"column":53}},"96":{"start":{"line":228,"column":36},"end":{"line":246,"column":1}},"97":{"start":{"line":229,"column":35},"end":{"line":229,"column":45}},"98":{"start":{"line":231,"column":4},"end":{"line":245,"column":5}},"99":{"start":{"line":232,"column":4},"end":{"line":242,"column":5}},"100":{"start":{"line":233,"column":8},"end":{"line":237,"column":10}},"101":{"start":{"line":238,"column":8},"end":{"line":238,"column":61}},"102":{"start":{"line":240,"column":8},"end":{"line":240,"column":51}},"103":{"start":{"line":241,"column":8},"end":{"line":241,"column":63}},"104":{"start":{"line":244,"column":4},"end":{"line":244,"column":53}},"105":{"start":{"line":248,"column":38},"end":{"line":275,"column":1}},"106":{"start":{"line":249,"column":4},"end":{"line":274,"column":5}},"107":{"start":{"line":250,"column":25},"end":{"line":250,"column":45}},"108":{"start":{"line":251,"column":37},"end":{"line":270,"column":11}},"109":{"start":{"line":252,"column":25},"end":{"line":252,"column":64}},"110":{"start":{"line":253,"column":36},"end":{"line":253,"column":40}},"111":{"start":{"line":255,"column":40},"end":{"line":263,"column":15}},"112":{"start":{"line":256,"column":34},"end":{"line":256,"column":71}},"113":{"start":{"line":257,"column":71},"end":{"line":257,"column":80}},"114":{"start":{"line":259,"column":16},"end":{"line":262,"column":18}},"115":{"start":{"line":265,"column":12},"end":{"line":269,"column":14}},"116":{"start":{"line":271,"column":8},"end":{"line":271,"column":39}},"117":{"start":{"line":273,"column":8},"end":{"line":273,"column":57}},"118":{"start":{"line":278,"column":39},"end":{"line":314,"column":1}},"119":{"start":{"line":279,"column":23},"end":{"line":279,"column":44}},"120":{"start":{"line":280,"column":22},"end":{"line":280,"column":53}},"121":{"start":{"line":281,"column":4},"end":{"line":313,"column":5}},"122":{"start":{"line":283,"column":25},"end":{"line":283,"column":45}},"123":{"start":{"line":285,"column":42},"end":{"line":285,"column":44}},"124":{"start":{"line":288,"column":8},"end":{"line":308,"column":9}},"125":{"start":{"line":290,"column":12},"end":{"line":307,"column":13}},"126":{"start":{"line":292,"column":16},"end":{"line":306,"column":17}},"127":{"start":{"line":294,"column":42},"end":{"line":294,"column":96}},"128":{"start":{"line":295,"column":42},"end":{"line":295,"column":81}},"129":{"start":{"line":296,"column":20},"end":{"line":305,"column":23}},"130":{"start":{"line":310,"column":8},"end":{"line":310,"column":44}},"131":{"start":{"line":312,"column":8},"end":{"line":312,"column":57}}},"fnMap":{"0":{"name":"(anonymous_0)","decl":{"start":{"line":6,"column":28},"end":{"line":6,"column":29}},"loc":{"start":{"line":6,"column":48},"end":{"line":24,"column":1}},"line":6},"1":{"name":"(anonymous_1)","decl":{"start":{"line":9,"column":60},"end":{"line":9,"column":61}},"loc":{"start":{"line":9,"column":77},"end":{"line":19,"column":7}},"line":9},"2":{"name":"(anonymous_2)","decl":{"start":{"line":27,"column":28},"end":{"line":27,"column":29}},"loc":{"start":{"line":27,"column":48},"end":{"line":70,"column":1}},"line":27},"3":{"name":"(anonymous_3)","decl":{"start":{"line":36,"column":68},"end":{"line":36,"column":69}},"loc":{"start":{"line":36,"column":87},"end":{"line":55,"column":9}},"line":36},"4":{"name":"(anonymous_4)","decl":{"start":{"line":40,"column":78},"end":{"line":40,"column":79}},"loc":{"start":{"line":40,"column":95},"end":{"line":48,"column":13}},"line":40},"5":{"name":"(anonymous_5)","decl":{"start":{"line":74,"column":27},"end":{"line":74,"column":28}},"loc":{"start":{"line":74,"column":47},"end":{"line":100,"column":1}},"line":74},"6":{"name":"(anonymous_6)","decl":{"start":{"line":103,"column":25},"end":{"line":103,"column":26}},"loc":{"start":{"line":103,"column":45},"end":{"line":118,"column":1}},"line":103},"7":{"name":"(anonymous_7)","decl":{"start":{"line":121,"column":27},"end":{"line":121,"column":28}},"loc":{"start":{"line":121,"column":47},"end":{"line":130,"column":1}},"line":121},"8":{"name":"(anonymous_8)","decl":{"start":{"line":133,"column":29},"end":{"line":133,"column":30}},"loc":{"start":{"line":133,"column":49},"end":{"line":159,"column":1}},"line":133},"9":{"name":"(anonymous_9)","decl":{"start":{"line":162,"column":24},"end":{"line":162,"column":25}},"loc":{"start":{"line":162,"column":44},"end":{"line":195,"column":1}},"line":162},"10":{"name":"(anonymous_10)","decl":{"start":{"line":198,"column":34},"end":{"line":198,"column":35}},"loc":{"start":{"line":198,"column":54},"end":{"line":225,"column":1}},"line":198},"11":{"name":"(anonymous_11)","decl":{"start":{"line":211,"column":45},"end":{"line":211,"column":46}},"loc":{"start":{"line":211,"column":56},"end":{"line":211,"column":88}},"line":211},"12":{"name":"(anonymous_12)","decl":{"start":{"line":228,"column":36},"end":{"line":228,"column":37}},"loc":{"start":{"line":228,"column":56},"end":{"line":246,"column":1}},"line":228},"13":{"name":"(anonymous_13)","decl":{"start":{"line":248,"column":38},"end":{"line":248,"column":39}},"loc":{"start":{"line":248,"column":58},"end":{"line":275,"column":1}},"line":248},"14":{"name":"(anonymous_14)","decl":{"start":{"line":251,"column":68},"end":{"line":251,"column":69}},"loc":{"start":{"line":251,"column":87},"end":{"line":270,"column":9}},"line":251},"15":{"name":"(anonymous_15)","decl":{"start":{"line":255,"column":78},"end":{"line":255,"column":79}},"loc":{"start":{"line":255,"column":95},"end":{"line":263,"column":13}},"line":255},"16":{"name":"(anonymous_16)","decl":{"start":{"line":278,"column":39},"end":{"line":278,"column":40}},"loc":{"start":{"line":278,"column":59},"end":{"line":314,"column":1}},"line":278}},"branchMap":{"0":{"loc":{"start":{"line":31,"column":8},"end":{"line":33,"column":9}},"type":"if","locations":[{"start":{"line":31,"column":8},"end":{"line":33,"column":9}},{"start":{},"end":{}}],"line":31},"1":{"loc":{"start":{"line":79,"column":4},"end":{"line":81,"column":5}},"type":"if","locations":[{"start":{"line":79,"column":4},"end":{"line":81,"column":5}},{"start":{},"end":{}}],"line":79},"2":{"loc":{"start":{"line":138,"column":4},"end":{"line":140,"column":5}},"type":"if","locations":[{"start":{"line":138,"column":4},"end":{"line":140,"column":5}},{"start":{},"end":{}}],"line":138},"3":{"loc":{"start":{"line":168,"column":4},"end":{"line":170,"column":5}},"type":"if","locations":[{"start":{"line":168,"column":4},"end":{"line":170,"column":5}},{"start":{},"end":{}}],"line":168},"4":{"loc":{"start":{"line":173,"column":4},"end":{"line":175,"column":5}},"type":"if","locations":[{"start":{"line":173,"column":4},"end":{"line":175,"column":5}},{"start":{},"end":{}}],"line":173},"5":{"loc":{"start":{"line":205,"column":4},"end":{"line":219,"column":5}},"type":"if","locations":[{"start":{"line":205,"column":4},"end":{"line":219,"column":5}},{"start":{"line":212,"column":11},"end":{"line":219,"column":5}}],"line":205},"6":{"loc":{"start":{"line":232,"column":4},"end":{"line":242,"column":5}},"type":"if","locations":[{"start":{"line":232,"column":4},"end":{"line":242,"column":5}},{"start":{"line":239,"column":11},"end":{"line":242,"column":5}}],"line":232},"7":{"loc":{"start":{"line":292,"column":16},"end":{"line":306,"column":17}},"type":"if","locations":[{"start":{"line":292,"column":16},"end":{"line":306,"column":17}},{"start":{},"end":{}}],"line":292}},"s":{"0":7,"1":1,"2":1,"3":1,"4":8,"5":8,"6":8,"7":8,"8":1,"9":0,"10":7,"11":3,"12":3,"13":3,"14":2,"15":1,"16":1,"17":1,"18":2,"19":2,"20":2,"21":2,"22":2,"23":2,"24":2,"25":1,"26":1,"27":1,"28":1,"29":1,"30":7,"31":6,"32":6,"33":6,"34":5,"35":2,"36":3,"37":3,"38":1,"39":1,"40":1,"41":3,"42":7,"43":2,"44":2,"45":2,"46":2,"47":1,"48":1,"49":7,"50":2,"51":2,"52":2,"53":1,"54":1,"55":7,"56":4,"57":4,"58":4,"59":4,"60":1,"61":3,"62":3,"63":1,"64":1,"65":1,"66":2,"67":7,"68":5,"69":5,"70":5,"71":5,"72":5,"73":1,"74":4,"75":3,"76":1,"77":2,"78":2,"79":2,"80":1,"81":1,"82":1,"83":2,"84":7,"85":2,"86":2,"87":2,"88":2,"89":1,"90":1,"91":1,"92":1,"93":1,"94":2,"95":0,"96":7,"97":4,"98":4,"99":4,"100":2,"101":1,"102":2,"103":1,"104":2,"105":7,"106":1,"107":1,"108":1,"109":28,"110":28,"111":28,"112":29,"113":29,"114":29,"115":28,"116":1,"117":0,"118":7,"119":1,"120":1,"121":1,"122":1,"123":1,"124":1,"125":28,"126":29,"127":4,"128":4,"129":4,"130":1,"131":0},"f":{"0":1,"1":8,"2":3,"3":2,"4":2,"5":6,"6":2,"7":2,"8":4,"9":5,"10":2,"11":1,"12":4,"13":1,"14":28,"15":29,"16":1},"b":{"0":[1,1],"1":[2,3],"2":[1,3],"3":[1,4],"4":[1,2],"5":[1,1],"6":[2,2],"7":[4,25]},"_coverageSchema":"1a1c01bbd47fc00a2c39e90264f33305004495a9","hash":"eb28a06e75b0783690e4eabd350789836ff71866"}
,"C:\\Users\\User\\OneDrive\\Documents\\kuliah\\smt 7\\Proyek Perangkat Lunak II\\SIP\\ppl2-sip\\backend\\controllers\\KilasBalikController.js": {"path":"C:\\Users\\User\\OneDrive\\Documents\\kuliah\\smt 7\\Proyek Perangkat Lunak II\\SIP\\ppl2-sip\\backend\\controllers\\KilasBalikController.js","statementMap":{"0":{"start":{"line":4,"column":34},"end":{"line":11,"column":1}},"1":{"start":{"line":5,"column":4},"end":{"line":10,"column":5}},"2":{"start":{"line":6,"column":32},"end":{"line":6,"column":56}},"3":{"start":{"line":7,"column":8},"end":{"line":7,"column":34}},"4":{"start":{"line":9,"column":8},"end":{"line":9,"column":57}},"5":{"start":{"line":12,"column":35},"end":{"line":19,"column":1}},"6":{"start":{"line":13,"column":4},"end":{"line":18,"column":5}},"7":{"start":{"line":14,"column":33},"end":{"line":14,"column":58}},"8":{"start":{"line":15,"column":8},"end":{"line":15,"column":35}},"9":{"start":{"line":17,"column":8},"end":{"line":17,"column":57}}},"fnMap":{"0":{"name":"(anonymous_0)","decl":{"start":{"line":4,"column":34},"end":{"line":4,"column":35}},"loc":{"start":{"line":4,"column":54},"end":{"line":11,"column":1}},"line":4},"1":{"name":"(anonymous_1)","decl":{"start":{"line":12,"column":35},"end":{"line":12,"column":36}},"loc":{"start":{"line":12,"column":55},"end":{"line":19,"column":1}},"line":12}},"branchMap":{},"s":{"0":7,"1":1,"2":1,"3":0,"4":1,"5":7,"6":1,"7":1,"8":1,"9":0},"f":{"0":1,"1":1},"b":{},"_coverageSchema":"1a1c01bbd47fc00a2c39e90264f33305004495a9","hash":"c553ebe36284c006ceb64d0632c3d46fed0980af"}
,"C:\\Users\\User\\OneDrive\\Documents\\kuliah\\smt 7\\Proyek Perangkat Lunak II\\SIP\\ppl2-sip\\backend\\controllers\\LoginRegisterController.js": {"path":"C:\\Users\\User\\OneDrive\\Documents\\kuliah\\smt 7\\Proyek Perangkat Lunak II\\SIP\\ppl2-sip\\backend\\controllers\\LoginRegisterController.js","statementMap":{"0":{"start":{"line":7,"column":0},"end":{"line":7,"column":15}},"1":{"start":{"line":10,"column":28},"end":{"line":38,"column":1}},"2":{"start":{"line":11,"column":4},"end":{"line":37,"column":5}},"3":{"start":{"line":12,"column":68},"end":{"line":12,"column":76}},"4":{"start":{"line":13,"column":29},"end":{"line":13,"column":49}},"5":{"start":{"line":14,"column":8},"end":{"line":16,"column":9}},"6":{"start":{"line":15,"column":12},"end":{"line":15,"column":108}},"7":{"start":{"line":18,"column":8},"end":{"line":20,"column":9}},"8":{"start":{"line":19,"column":12},"end":{"line":19,"column":79}},"9":{"start":{"line":22,"column":21},"end":{"line":27,"column":10}},"10":{"start":{"line":30,"column":8},"end":{"line":30,"column":26}},"11":{"start":{"line":32,"column":22},"end":{"line":32,"column":41}},"12":{"start":{"line":34,"column":8},"end":{"line":34,"column":81}},"13":{"start":{"line":36,"column":8},"end":{"line":36,"column":57}},"14":{"start":{"line":40,"column":25},"end":{"line":64,"column":1}},"15":{"start":{"line":41,"column":4},"end":{"line":63,"column":5}},"16":{"start":{"line":42,"column":36},"end":{"line":42,"column":44}},"17":{"start":{"line":45,"column":21},"end":{"line":45,"column":50}},"18":{"start":{"line":47,"column":8},"end":{"line":49,"column":9}},"19":{"start":{"line":48,"column":12},"end":{"line":48,"column":71}},"20":{"start":{"line":52,"column":24},"end":{"line":52,"column":68}},"21":{"start":{"line":54,"column":8},"end":{"line":56,"column":9}},"22":{"start":{"line":55,"column":12},"end":{"line":55,"column":73}},"23":{"start":{"line":59,"column":22},"end":{"line":59,"column":41}},"24":{"start":{"line":60,"column":8},"end":{"line":60,"column":106}},"25":{"start":{"line":62,"column":8},"end":{"line":62,"column":57}},"26":{"start":{"line":66,"column":26},"end":{"line":72,"column":1}},"27":{"start":{"line":71,"column":4},"end":{"line":71,"column":70}},"28":{"start":{"line":74,"column":27},"end":{"line":89,"column":1}},"29":{"start":{"line":75,"column":4},"end":{"line":88,"column":5}},"30":{"start":{"line":77,"column":21},"end":{"line":77,"column":29}},"31":{"start":{"line":78,"column":25},"end":{"line":78,"column":57}},"32":{"start":{"line":79,"column":26},"end":{"line":79,"column":72}},"33":{"start":{"line":80,"column":28},"end":{"line":80,"column":95}},"34":{"start":{"line":81,"column":8},"end":{"line":85,"column":11}},"35":{"start":{"line":87,"column":8},"end":{"line":87,"column":57}},"36":{"start":{"line":92,"column":20},"end":{"line":96,"column":5}},"37":{"start":{"line":98,"column":22},"end":{"line":98,"column":58}},"38":{"start":{"line":99,"column":20},"end":{"line":101,"column":5}},"39":{"start":{"line":103,"column":4},"end":{"line":103,"column":49}},"40":{"start":{"line":106,"column":30},"end":{"line":139,"column":1}},"41":{"start":{"line":107,"column":4},"end":{"line":138,"column":5}},"42":{"start":{"line":108,"column":66},"end":{"line":108,"column":74}},"43":{"start":{"line":111,"column":8},"end":{"line":113,"column":9}},"44":{"start":{"line":112,"column":12},"end":{"line":112,"column":83}},"45":{"start":{"line":116,"column":21},"end":{"line":116,"column":57}},"46":{"start":{"line":118,"column":8},"end":{"line":120,"column":9}},"47":{"start":{"line":119,"column":12},"end":{"line":119,"column":71}},"48":{"start":{"line":123,"column":24},"end":{"line":123,"column":75}},"49":{"start":{"line":125,"column":8},"end":{"line":127,"column":9}},"50":{"start":{"line":126,"column":12},"end":{"line":126,"column":86}},"51":{"start":{"line":132,"column":8},"end":{"line":132,"column":36}},"52":{"start":{"line":133,"column":8},"end":{"line":133,"column":26}},"53":{"start":{"line":135,"column":8},"end":{"line":135,"column":75}},"54":{"start":{"line":137,"column":8},"end":{"line":137,"column":57}}},"fnMap":{"0":{"name":"(anonymous_0)","decl":{"start":{"line":10,"column":28},"end":{"line":10,"column":29}},"loc":{"start":{"line":10,"column":48},"end":{"line":38,"column":1}},"line":10},"1":{"name":"(anonymous_1)","decl":{"start":{"line":40,"column":25},"end":{"line":40,"column":26}},"loc":{"start":{"line":40,"column":45},"end":{"line":64,"column":1}},"line":40},"2":{"name":"(anonymous_2)","decl":{"start":{"line":66,"column":26},"end":{"line":66,"column":27}},"loc":{"start":{"line":66,"column":40},"end":{"line":72,"column":1}},"line":66},"3":{"name":"(anonymous_3)","decl":{"start":{"line":74,"column":27},"end":{"line":74,"column":28}},"loc":{"start":{"line":74,"column":47},"end":{"line":89,"column":1}},"line":74},"4":{"name":"generateToken","decl":{"start":{"line":91,"column":9},"end":{"line":91,"column":22}},"loc":{"start":{"line":91,"column":29},"end":{"line":104,"column":1}},"line":91},"5":{"name":"(anonymous_5)","decl":{"start":{"line":106,"column":30},"end":{"line":106,"column":31}},"loc":{"start":{"line":106,"column":50},"end":{"line":139,"column":1}},"line":106}},"branchMap":{"0":{"loc":{"start":{"line":14,"column":8},"end":{"line":16,"column":9}},"type":"if","locations":[{"start":{"line":14,"column":8},"end":{"line":16,"column":9}},{"start":{},"end":{}}],"line":14},"1":{"loc":{"start":{"line":18,"column":8},"end":{"line":20,"column":9}},"type":"if","locations":[{"start":{"line":18,"column":8},"end":{"line":20,"column":9}},{"start":{},"end":{}}],"line":18},"2":{"loc":{"start":{"line":47,"column":8},"end":{"line":49,"column":9}},"type":"if","locations":[{"start":{"line":47,"column":8},"end":{"line":49,"column":9}},{"start":{},"end":{}}],"line":47},"3":{"loc":{"start":{"line":54,"column":8},"end":{"line":56,"column":9}},"type":"if","locations":[{"start":{"line":54,"column":8},"end":{"line":56,"column":9}},{"start":{},"end":{}}],"line":54},"4":{"loc":{"start":{"line":111,"column":8},"end":{"line":113,"column":9}},"type":"if","locations":[{"start":{"line":111,"column":8},"end":{"line":113,"column":9}},{"start":{},"end":{}}],"line":111},"5":{"loc":{"start":{"line":118,"column":8},"end":{"line":120,"column":9}},"type":"if","locations":[{"start":{"line":118,"column":8},"end":{"line":120,"column":9}},{"start":{},"end":{}}],"line":118},"6":{"loc":{"start":{"line":125,"column":8},"end":{"line":127,"column":9}},"type":"if","locations":[{"start":{"line":125,"column":8},"end":{"line":127,"column":9}},{"start":{},"end":{}}],"line":125}},"s":{"0":7,"1":7,"2":10,"3":10,"4":10,"5":10,"6":1,"7":9,"8":1,"9":8,"10":8,"11":1,"12":1,"13":7,"14":7,"15":6,"16":6,"17":6,"18":6,"19":3,"20":3,"21":3,"22":2,"23":1,"24":1,"25":0,"26":7,"27":1,"28":7,"29":1,"30":1,"31":1,"32":1,"33":1,"34":1,"35":0,"36":2,"37":2,"38":2,"39":2,"40":7,"41":1,"42":1,"43":1,"44":0,"45":1,"46":1,"47":0,"48":1,"49":1,"50":0,"51":1,"52":1,"53":1,"54":0},"f":{"0":10,"1":6,"2":1,"3":1,"4":2,"5":1},"b":{"0":[1,9],"1":[1,8],"2":[3,3],"3":[2,1],"4":[0,1],"5":[0,1],"6":[0,1]},"_coverageSchema":"1a1c01bbd47fc00a2c39e90264f33305004495a9","hash":"22b0e38011eb6d95c9e5805a9cfb845b7095b6fe"}
,"C:\\Users\\User\\OneDrive\\Documents\\kuliah\\smt 7\\Proyek Perangkat Lunak II\\SIP\\ppl2-sip\\backend\\controllers\\PartaiInfoController.js": {"path":"C:\\Users\\User\\OneDrive\\Documents\\kuliah\\smt 7\\Proyek Perangkat Lunak II\\SIP\\ppl2-sip\\backend\\controllers\\PartaiInfoController.js","statementMap":{"0":{"start":{"line":4,"column":30},"end":{"line":17,"column":1}},"1":{"start":{"line":5,"column":4},"end":{"line":16,"column":5}},"2":{"start":{"line":6,"column":28},"end":{"line":6,"column":70}},"3":{"start":{"line":7,"column":38},"end":{"line":12,"column":10}},"4":{"start":{"line":8,"column":12},"end":{"line":11,"column":14}},"5":{"start":{"line":13,"column":8},"end":{"line":13,"column":40}},"6":{"start":{"line":15,"column":8},"end":{"line":15,"column":57}},"7":{"start":{"line":19,"column":33},"end":{"line":37,"column":1}},"8":{"start":{"line":20,"column":4},"end":{"line":36,"column":5}},"9":{"start":{"line":21,"column":27},"end":{"line":21,"column":67}},"10":{"start":{"line":22,"column":8},"end":{"line":33,"column":9}},"11":{"start":{"line":23,"column":30},"end":{"line":23,"column":89}},"12":{"start":{"line":25,"column":40},"end":{"line":29,"column":13}},"13":{"start":{"line":30,"column":12},"end":{"line":30,"column":42}},"14":{"start":{"line":32,"column":12},"end":{"line":32,"column":71}},"15":{"start":{"line":35,"column":8},"end":{"line":35,"column":57}},"16":{"start":{"line":39,"column":30},"end":{"line":48,"column":1}},"17":{"start":{"line":40,"column":4},"end":{"line":40,"column":25}},"18":{"start":{"line":41,"column":23},"end":{"line":41,"column":47}},"19":{"start":{"line":42,"column":4},"end":{"line":47,"column":5}},"20":{"start":{"line":43,"column":35},"end":{"line":43,"column":58}},"21":{"start":{"line":44,"column":8},"end":{"line":44,"column":49}},"22":{"start":{"line":46,"column":8},"end":{"line":46,"column":57}},"23":{"start":{"line":50,"column":32},"end":{"line":67,"column":1}},"24":{"start":{"line":51,"column":4},"end":{"line":66,"column":5}},"25":{"start":{"line":52,"column":27},"end":{"line":52,"column":67}},"26":{"start":{"line":53,"column":8},"end":{"line":55,"column":9}},"27":{"start":{"line":54,"column":12},"end":{"line":54,"column":78}},"28":{"start":{"line":56,"column":8},"end":{"line":61,"column":11}},"29":{"start":{"line":57,"column":32},"end":{"line":57,"column":52}},"30":{"start":{"line":58,"column":12},"end":{"line":60,"column":13}},"31":{"start":{"line":59,"column":16},"end":{"line":59,"column":112}},"32":{"start":{"line":62,"column":34},"end":{"line":62,"column":104}},"33":{"start":{"line":63,"column":8},"end":{"line":63,"column":48}},"34":{"start":{"line":65,"column":8},"end":{"line":65,"column":57}},"35":{"start":{"line":69,"column":32},"end":{"line":80,"column":1}},"36":{"start":{"line":70,"column":4},"end":{"line":79,"column":5}},"37":{"start":{"line":71,"column":27},"end":{"line":71,"column":67}},"38":{"start":{"line":72,"column":8},"end":{"line":74,"column":9}},"39":{"start":{"line":73,"column":12},"end":{"line":73,"column":71}},"40":{"start":{"line":75,"column":34},"end":{"line":75,"column":84}},"41":{"start":{"line":76,"column":8},"end":{"line":76,"column":48}},"42":{"start":{"line":78,"column":8},"end":{"line":78,"column":57}}},"fnMap":{"0":{"name":"(anonymous_0)","decl":{"start":{"line":4,"column":30},"end":{"line":4,"column":31}},"loc":{"start":{"line":4,"column":50},"end":{"line":17,"column":1}},"line":4},"1":{"name":"(anonymous_1)","decl":{"start":{"line":7,"column":54},"end":{"line":7,"column":55}},"loc":{"start":{"line":7,"column":62},"end":{"line":12,"column":9}},"line":7},"2":{"name":"(anonymous_2)","decl":{"start":{"line":19,"column":33},"end":{"line":19,"column":34}},"loc":{"start":{"line":19,"column":53},"end":{"line":37,"column":1}},"line":19},"3":{"name":"(anonymous_3)","decl":{"start":{"line":39,"column":30},"end":{"line":39,"column":31}},"loc":{"start":{"line":39,"column":50},"end":{"line":48,"column":1}},"line":39},"4":{"name":"(anonymous_4)","decl":{"start":{"line":50,"column":32},"end":{"line":50,"column":33}},"loc":{"start":{"line":50,"column":52},"end":{"line":67,"column":1}},"line":50},"5":{"name":"(anonymous_5)","decl":{"start":{"line":69,"column":32},"end":{"line":69,"column":33}},"loc":{"start":{"line":69,"column":52},"end":{"line":80,"column":1}},"line":69}},"branchMap":{"0":{"loc":{"start":{"line":22,"column":8},"end":{"line":33,"column":9}},"type":"if","locations":[{"start":{"line":22,"column":8},"end":{"line":33,"column":9}},{"start":{"line":31,"column":15},"end":{"line":33,"column":9}}],"line":22},"1":{"loc":{"start":{"line":53,"column":8},"end":{"line":55,"column":9}},"type":"if","locations":[{"start":{"line":53,"column":8},"end":{"line":55,"column":9}},{"start":{},"end":{}}],"line":53},"2":{"loc":{"start":{"line":56,"column":8},"end":{"line":61,"column":11}},"type":"if","locations":[{"start":{"line":56,"column":8},"end":{"line":61,"column":11}},{"start":{},"end":{}}],"line":56},"3":{"loc":{"start":{"line":58,"column":12},"end":{"line":60,"column":13}},"type":"if","locations":[{"start":{"line":58,"column":12},"end":{"line":60,"column":13}},{"start":{},"end":{}}],"line":58},"4":{"loc":{"start":{"line":72,"column":8},"end":{"line":74,"column":9}},"type":"if","locations":[{"start":{"line":72,"column":8},"end":{"line":74,"column":9}},{"start":{},"end":{}}],"line":72}},"s":{"0":7,"1":1,"2":1,"3":1,"4":25,"5":1,"6":0,"7":7,"8":3,"9":3,"10":2,"11":1,"12":1,"13":1,"14":1,"15":1,"16":7,"17":4,"18":4,"19":4,"20":4,"21":1,"22":3,"23":7,"24":4,"25":4,"26":4,"27":1,"28":3,"29":3,"30":3,"31":1,"32":2,"33":1,"34":1,"35":7,"36":3,"37":3,"38":2,"39":1,"40":2,"41":1,"42":1},"f":{"0":1,"1":25,"2":3,"3":4,"4":4,"5":3},"b":{"0":[1,1],"1":[1,3],"2":[3,0],"3":[1,2],"4":[1,1]},"_coverageSchema":"1a1c01bbd47fc00a2c39e90264f33305004495a9","hash":"55ddc560480dc24a239a44ffbf856a38fe112900"}
,"C:\\Users\\User\\OneDrive\\Documents\\kuliah\\smt 7\\Proyek Perangkat Lunak II\\SIP\\ppl2-sip\\backend\\controllers\\PaslonController.js": {"path":"C:\\Users\\User\\OneDrive\\Documents\\kuliah\\smt 7\\Proyek Perangkat Lunak II\\SIP\\ppl2-sip\\backend\\controllers\\PaslonController.js","statementMap":{"0":{"start":{"line":4,"column":26},"end":{"line":19,"column":1}},"1":{"start":{"line":5,"column":4},"end":{"line":18,"column":5}},"2":{"start":{"line":6,"column":24},"end":{"line":6,"column":43}},"3":{"start":{"line":7,"column":34},"end":{"line":10,"column":11}},"4":{"start":{"line":7,"column":57},"end":{"line":10,"column":9}},"5":{"start":{"line":13,"column":8},"end":{"line":13,"column":64}},"6":{"start":{"line":13,"column":41},"end":{"line":13,"column":62}},"7":{"start":{"line":15,"column":8},"end":{"line":15,"column":36}},"8":{"start":{"line":17,"column":8},"end":{"line":17,"column":57}},"9":{"start":{"line":21,"column":29},"end":{"line":39,"column":1}},"10":{"start":{"line":22,"column":4},"end":{"line":38,"column":5}},"11":{"start":{"line":23,"column":23},"end":{"line":23,"column":59}},"12":{"start":{"line":24,"column":27},"end":{"line":24,"column":81}},"13":{"start":{"line":26,"column":33},"end":{"line":30,"column":9}},"14":{"start":{"line":31,"column":8},"end":{"line":35,"column":9}},"15":{"start":{"line":32,"column":12},"end":{"line":32,"column":39}},"16":{"start":{"line":34,"column":12},"end":{"line":34,"column":67}},"17":{"start":{"line":37,"column":8},"end":{"line":37,"column":57}},"18":{"start":{"line":41,"column":26},"end":{"line":50,"column":1}},"19":{"start":{"line":42,"column":4},"end":{"line":42,"column":25}},"20":{"start":{"line":43,"column":19},"end":{"line":43,"column":39}},"21":{"start":{"line":44,"column":4},"end":{"line":49,"column":5}},"22":{"start":{"line":45,"column":31},"end":{"line":45,"column":50}},"23":{"start":{"line":46,"column":8},"end":{"line":46,"column":45}},"24":{"start":{"line":48,"column":8},"end":{"line":48,"column":57}},"25":{"start":{"line":52,"column":28},"end":{"line":59,"column":1}},"26":{"start":{"line":53,"column":4},"end":{"line":58,"column":5}},"27":{"start":{"line":54,"column":30},"end":{"line":54,"column":96}},"28":{"start":{"line":55,"column":8},"end":{"line":55,"column":44}},"29":{"start":{"line":57,"column":8},"end":{"line":57,"column":57}},"30":{"start":{"line":61,"column":28},"end":{"line":68,"column":1}},"31":{"start":{"line":62,"column":4},"end":{"line":67,"column":5}},"32":{"start":{"line":63,"column":30},"end":{"line":63,"column":76}},"33":{"start":{"line":64,"column":8},"end":{"line":64,"column":44}},"34":{"start":{"line":66,"column":8},"end":{"line":66,"column":57}}},"fnMap":{"0":{"name":"(anonymous_0)","decl":{"start":{"line":4,"column":26},"end":{"line":4,"column":27}},"loc":{"start":{"line":4,"column":46},"end":{"line":19,"column":1}},"line":4},"1":{"name":"(anonymous_1)","decl":{"start":{"line":7,"column":46},"end":{"line":7,"column":47}},"loc":{"start":{"line":7,"column":57},"end":{"line":10,"column":9}},"line":7},"2":{"name":"(anonymous_2)","decl":{"start":{"line":13,"column":31},"end":{"line":13,"column":32}},"loc":{"start":{"line":13,"column":41},"end":{"line":13,"column":62}},"line":13},"3":{"name":"(anonymous_3)","decl":{"start":{"line":21,"column":29},"end":{"line":21,"column":30}},"loc":{"start":{"line":21,"column":49},"end":{"line":39,"column":1}},"line":21},"4":{"name":"(anonymous_4)","decl":{"start":{"line":41,"column":26},"end":{"line":41,"column":27}},"loc":{"start":{"line":41,"column":46},"end":{"line":50,"column":1}},"line":41},"5":{"name":"(anonymous_5)","decl":{"start":{"line":52,"column":28},"end":{"line":52,"column":29}},"loc":{"start":{"line":52,"column":48},"end":{"line":59,"column":1}},"line":52},"6":{"name":"(anonymous_6)","decl":{"start":{"line":61,"column":28},"end":{"line":61,"column":29}},"loc":{"start":{"line":61,"column":48},"end":{"line":68,"column":1}},"line":61}},"branchMap":{"0":{"loc":{"start":{"line":31,"column":8},"end":{"line":35,"column":9}},"type":"if","locations":[{"start":{"line":31,"column":8},"end":{"line":35,"column":9}},{"start":{"line":33,"column":15},"end":{"line":35,"column":9}}],"line":31}},"s":{"0":7,"1":1,"2":1,"3":0,"4":0,"5":0,"6":0,"7":0,"8":1,"9":7,"10":3,"11":3,"12":2,"13":1,"14":1,"15":1,"16":0,"17":2,"18":7,"19":1,"20":1,"21":1,"22":1,"23":1,"24":0,"25":7,"26":2,"27":2,"28":1,"29":1,"30":7,"31":2,"32":2,"33":1,"34":1},"f":{"0":1,"1":0,"2":0,"3":3,"4":1,"5":2,"6":2},"b":{"0":[1,0]},"_coverageSchema":"1a1c01bbd47fc00a2c39e90264f33305004495a9","hash":"73bcf024c0ba8167fae1df0484253634b555f2fd"}
,"C:\\Users\\User\\OneDrive\\Documents\\kuliah\\smt 7\\Proyek Perangkat Lunak II\\SIP\\ppl2-sip\\backend\\controllers\\UserController.js": {"path":"C:\\Users\\User\\OneDrive\\Documents\\kuliah\\smt 7\\Proyek Perangkat Lunak II\\SIP\\ppl2-sip\\backend\\controllers\\UserController.js","statementMap":{"0":{"start":{"line":5,"column":31},"end":{"line":8,"column":3}},"1":{"start":{"line":6,"column":49},"end":{"line":6,"column":64}},"2":{"start":{"line":7,"column":4},"end":{"line":7,"column":31}},"3":{"start":{"line":10,"column":26},"end":{"line":18,"column":3}},"4":{"start":{"line":11,"column":4},"end":{"line":17,"column":5}},"5":{"start":{"line":12,"column":20},"end":{"line":12,"column":37}},"6":{"start":{"line":13,"column":35},"end":{"line":13,"column":68}},"7":{"start":{"line":14,"column":6},"end":{"line":14,"column":37}},"8":{"start":{"line":16,"column":6},"end":{"line":16,"column":55}},"9":{"start":{"line":20,"column":29},"end":{"line":32,"column":3}},"10":{"start":{"line":21,"column":4},"end":{"line":31,"column":5}},"11":{"start":{"line":22,"column":19},"end":{"line":22,"column":53}},"12":{"start":{"line":23,"column":6},"end":{"line":28,"column":7}},"13":{"start":{"line":24,"column":36},"end":{"line":24,"column":64}},"14":{"start":{"line":25,"column":8},"end":{"line":25,"column":38}},"15":{"start":{"line":27,"column":8},"end":{"line":27,"column":61}},"16":{"start":{"line":30,"column":6},"end":{"line":30,"column":55}},"17":{"start":{"line":34,"column":24},"end":{"line":42,"column":1}},"18":{"start":{"line":35,"column":17},"end":{"line":35,"column":35}},"19":{"start":{"line":36,"column":4},"end":{"line":41,"column":5}},"20":{"start":{"line":37,"column":27},"end":{"line":37,"column":44}},"21":{"start":{"line":38,"column":8},"end":{"line":38,"column":41}},"22":{"start":{"line":40,"column":8},"end":{"line":40,"column":55}},"23":{"start":{"line":44,"column":26},"end":{"line":82,"column":1}},"24":{"start":{"line":45,"column":4},"end":{"line":81,"column":5}},"25":{"start":{"line":46,"column":21},"end":{"line":46,"column":55}},"26":{"start":{"line":47,"column":8},"end":{"line":49,"column":9}},"27":{"start":{"line":48,"column":10},"end":{"line":48,"column":63}},"28":{"start":{"line":52,"column":8},"end":{"line":54,"column":9}},"29":{"start":{"line":53,"column":10},"end":{"line":53,"column":77}},"30":{"start":{"line":57,"column":8},"end":{"line":59,"column":9}},"31":{"start":{"line":58,"column":12},"end":{"line":58,"column":87}},"32":{"start":{"line":62,"column":8},"end":{"line":64,"column":9}},"33":{"start":{"line":63,"column":12},"end":{"line":63,"column":78}},"34":{"start":{"line":65,"column":8},"end":{"line":70,"column":9}},"35":{"start":{"line":66,"column":30},"end":{"line":66,"column":50}},"36":{"start":{"line":67,"column":10},"end":{"line":69,"column":11}},"37":{"start":{"line":68,"column":14},"end":{"line":68,"column":110}},"38":{"start":{"line":72,"column":8},"end":{"line":75,"column":9}},"39":{"start":{"line":73,"column":33},"end":{"line":73,"column":69}},"40":{"start":{"line":74,"column":10},"end":{"line":74,"column":45}},"41":{"start":{"line":77,"column":28},"end":{"line":77,"column":87}},"42":{"start":{"line":78,"column":8},"end":{"line":78,"column":42}},"43":{"start":{"line":80,"column":8},"end":{"line":80,"column":55}},"44":{"start":{"line":84,"column":26},"end":{"line":95,"column":1}},"45":{"start":{"line":85,"column":4},"end":{"line":94,"column":5}},"46":{"start":{"line":86,"column":21},"end":{"line":86,"column":55}},"47":{"start":{"line":87,"column":8},"end":{"line":89,"column":9}},"48":{"start":{"line":88,"column":10},"end":{"line":88,"column":63}},"49":{"start":{"line":90,"column":28},"end":{"line":90,"column":69}},"50":{"start":{"line":91,"column":8},"end":{"line":91,"column":42}},"51":{"start":{"line":93,"column":8},"end":{"line":93,"column":55}},"52":{"start":{"line":100,"column":24},"end":{"line":100,"column":33}},"53":{"start":{"line":101,"column":2},"end":{"line":101,"column":38}},"54":{"start":{"line":106,"column":21},"end":{"line":106,"column":34}},"55":{"start":{"line":107,"column":2},"end":{"line":107,"column":38}}},"fnMap":{"0":{"name":"(anonymous_0)","decl":{"start":{"line":5,"column":31},"end":{"line":5,"column":32}},"loc":{"start":{"line":5,"column":41},"end":{"line":8,"column":3}},"line":5},"1":{"name":"(anonymous_1)","decl":{"start":{"line":10,"column":26},"end":{"line":10,"column":27}},"loc":{"start":{"line":10,"column":46},"end":{"line":18,"column":3}},"line":10},"2":{"name":"(anonymous_2)","decl":{"start":{"line":20,"column":29},"end":{"line":20,"column":30}},"loc":{"start":{"line":20,"column":49},"end":{"line":32,"column":3}},"line":20},"3":{"name":"(anonymous_3)","decl":{"start":{"line":34,"column":24},"end":{"line":34,"column":25}},"loc":{"start":{"line":34,"column":44},"end":{"line":42,"column":1}},"line":34},"4":{"name":"(anonymous_4)","decl":{"start":{"line":44,"column":26},"end":{"line":44,"column":27}},"loc":{"start":{"line":44,"column":46},"end":{"line":82,"column":1}},"line":44},"5":{"name":"(anonymous_5)","decl":{"start":{"line":84,"column":26},"end":{"line":84,"column":27}},"loc":{"start":{"line":84,"column":46},"end":{"line":95,"column":1}},"line":84},"6":{"name":"isStrongPassword","decl":{"start":{"line":97,"column":9},"end":{"line":97,"column":25}},"loc":{"start":{"line":97,"column":36},"end":{"line":102,"column":1}},"line":97},"7":{"name":"isPhoneNumber","decl":{"start":{"line":104,"column":9},"end":{"line":104,"column":22}},"loc":{"start":{"line":104,"column":36},"end":{"line":108,"column":1}},"line":104}},"branchMap":{"0":{"loc":{"start":{"line":23,"column":6},"end":{"line":28,"column":7}},"type":"if","locations":[{"start":{"line":23,"column":6},"end":{"line":28,"column":7}},{"start":{"line":26,"column":13},"end":{"line":28,"column":7}}],"line":23},"1":{"loc":{"start":{"line":47,"column":8},"end":{"line":49,"column":9}},"type":"if","locations":[{"start":{"line":47,"column":8},"end":{"line":49,"column":9}},{"start":{},"end":{}}],"line":47},"2":{"loc":{"start":{"line":52,"column":8},"end":{"line":54,"column":9}},"type":"if","locations":[{"start":{"line":52,"column":8},"end":{"line":54,"column":9}},{"start":{},"end":{}}],"line":52},"3":{"loc":{"start":{"line":52,"column":12},"end":{"line":52,"column":78}},"type":"binary-expr","locations":[{"start":{"line":52,"column":12},"end":{"line":52,"column":40}},{"start":{"line":52,"column":44},"end":{"line":52,"column":78}}],"line":52},"4":{"loc":{"start":{"line":57,"column":8},"end":{"line":59,"column":9}},"type":"if","locations":[{"start":{"line":57,"column":8},"end":{"line":59,"column":9}},{"start":{},"end":{}}],"line":57},"5":{"loc":{"start":{"line":57,"column":12},"end":{"line":57,"column":83}},"type":"binary-expr","locations":[{"start":{"line":57,"column":12},"end":{"line":57,"column":43}},{"start":{"line":57,"column":47},"end":{"line":57,"column":83}}],"line":57},"6":{"loc":{"start":{"line":62,"column":8},"end":{"line":64,"column":9}},"type":"if","locations":[{"start":{"line":62,"column":8},"end":{"line":64,"column":9}},{"start":{},"end":{}}],"line":62},"7":{"loc":{"start":{"line":62,"column":12},"end":{"line":62,"column":78}},"type":"binary-expr","locations":[{"start":{"line":62,"column":12},"end":{"line":62,"column":42}},{"start":{"line":62,"column":46},"end":{"line":62,"column":78}}],"line":62},"8":{"loc":{"start":{"line":65,"column":8},"end":{"line":70,"column":9}},"type":"if","locations":[{"start":{"line":65,"column":8},"end":{"line":70,"column":9}},{"start":{},"end":{}}],"line":65},"9":{"loc":{"start":{"line":67,"column":10},"end":{"line":69,"column":11}},"type":"if","locations":[{"start":{"line":67,"column":10},"end":{"line":69,"column":11}},{"start":{},"end":{}}],"line":67},"10":{"loc":{"start":{"line":72,"column":8},"end":{"line":75,"column":9}},"type":"if","locations":[{"start":{"line":72,"column":8},"end":{"line":75,"column":9}},{"start":{},"end":{}}],"line":72},"11":{"loc":{"start":{"line":87,"column":8},"end":{"line":89,"column":9}},"type":"if","locations":[{"start":{"line":87,"column":8},"end":{"line":89,"column":9}},{"start":{},"end":{}}],"line":87}},"s":{"0":7,"1":1,"2":1,"3":7,"4":1,"5":1,"6":0,"7":0,"8":1,"9":7,"10":3,"11":3,"12":2,"13":1,"14":1,"15":1,"16":1,"17":7,"18":9,"19":9,"20":9,"21":1,"22":8,"23":7,"24":5,"25":5,"26":5,"27":0,"28":5,"29":1,"30":4,"31":1,"32":3,"33":1,"34":2,"35":2,"36":2,"37":1,"38":1,"39":0,"40":0,"41":1,"42":1,"43":0,"44":7,"45":3,"46":3,"47":2,"48":1,"49":2,"50":1,"51":1,"52":1,"53":1,"54":1,"55":1},"f":{"0":1,"1":1,"2":3,"3":9,"4":5,"5":3,"6":1,"7":1},"b":{"0":[1,1],"1":[0,5],"2":[1,4],"3":[5,3],"4":[1,3],"5":[4,1],"6":[1,2],"7":[3,1],"8":[2,0],"9":[1,1],"10":[0,1],"11":[1,1]},"_coverageSchema":"1a1c01bbd47fc00a2c39e90264f33305004495a9","hash":"8a8a5043d7cb1b9430aefbd6c1d8e84228e71cf3"}
,"C:\\Users\\User\\OneDrive\\Documents\\kuliah\\smt 7\\Proyek Perangkat Lunak II\\SIP\\ppl2-sip\\backend\\models\\CalonDPR.js": {"path":"C:\\Users\\User\\OneDrive\\Documents\\kuliah\\smt 7\\Proyek Perangkat Lunak II\\SIP\\ppl2-sip\\backend\\models\\CalonDPR.js","statementMap":{"0":{"start":{"line":3,"column":23},"end":{"line":11,"column":2}},"1":{"start":{"line":13,"column":0},"end":{"line":13,"column":39}}},"fnMap":{},"branchMap":{},"s":{"0":7,"1":7},"f":{},"b":{},"_coverageSchema":"1a1c01bbd47fc00a2c39e90264f33305004495a9","hash":"f51a5c380c0661ab17e657200e9a8d8ab2c127d8"}
,"C:\\Users\\User\\OneDrive\\Documents\\kuliah\\smt 7\\Proyek Perangkat Lunak II\\SIP\\ppl2-sip\\backend\\models\\Comment.js": {"path":"C:\\Users\\User\\OneDrive\\Documents\\kuliah\\smt 7\\Proyek Perangkat Lunak II\\SIP\\ppl2-sip\\backend\\models\\Comment.js","statementMap":{"0":{"start":{"line":3,"column":20},"end":{"line":13,"column":2}},"1":{"start":{"line":15,"column":22},"end":{"line":27,"column":2}},"2":{"start":{"line":29,"column":16},"end":{"line":29,"column":56}}},"fnMap":{},"branchMap":{},"s":{"0":7,"1":7,"2":7},"f":{},"b":{},"_coverageSchema":"1a1c01bbd47fc00a2c39e90264f33305004495a9","hash":"74a70be99e098b5aea7306bf71cd9b9b40daa1bd"}
,"C:\\Users\\User\\OneDrive\\Documents\\kuliah\\smt 7\\Proyek Perangkat Lunak II\\SIP\\ppl2-sip\\backend\\models\\Forum.js": {"path":"C:\\Users\\User\\OneDrive\\Documents\\kuliah\\smt 7\\Proyek Perangkat Lunak II\\SIP\\ppl2-sip\\backend\\models\\Forum.js","statementMap":{"0":{"start":{"line":4,"column":20},"end":{"line":8,"column":2}},"1":{"start":{"line":9,"column":0},"end":{"line":9,"column":36}}},"fnMap":{},"branchMap":{},"s":{"0":7,"1":7},"f":{},"b":{},"_coverageSchema":"1a1c01bbd47fc00a2c39e90264f33305004495a9","hash":"c37cf242611a05b50902b87a097a04349fdca46c"}
,"C:\\Users\\User\\OneDrive\\Documents\\kuliah\\smt 7\\Proyek Perangkat Lunak II\\SIP\\ppl2-sip\\backend\\models\\HasilDPR2019.js": {"path":"C:\\Users\\User\\OneDrive\\Documents\\kuliah\\smt 7\\Proyek Perangkat Lunak II\\SIP\\ppl2-sip\\backend\\models\\HasilDPR2019.js","statementMap":{"0":{"start":{"line":3,"column":22},"end":{"line":72,"column":2}},"1":{"start":{"line":74,"column":0},"end":{"line":74,"column":38}}},"fnMap":{},"branchMap":{},"s":{"0":7,"1":7},"f":{},"b":{},"_coverageSchema":"1a1c01bbd47fc00a2c39e90264f33305004495a9","hash":"58ee96342a281a264aefa9392f9159755317c481"}
,"C:\\Users\\User\\OneDrive\\Documents\\kuliah\\smt 7\\Proyek Perangkat Lunak II\\SIP\\ppl2-sip\\backend\\models\\PartaiInfo.js": {"path":"C:\\Users\\User\\OneDrive\\Documents\\kuliah\\smt 7\\Proyek Perangkat Lunak II\\SIP\\ppl2-sip\\backend\\models\\PartaiInfo.js","statementMap":{"0":{"start":{"line":3,"column":19},"end":{"line":45,"column":2}},"1":{"start":{"line":13,"column":34},"end":{"line":13,"column":43}},"2":{"start":{"line":47,"column":0},"end":{"line":47,"column":34}}},"fnMap":{"0":{"name":"(anonymous_0)","decl":{"start":{"line":13,"column":23},"end":{"line":13,"column":24}},"loc":{"start":{"line":13,"column":34},"end":{"line":13,"column":43}},"line":13}},"branchMap":{},"s":{"0":7,"1":3,"2":7},"f":{"0":3},"b":{},"_coverageSchema":"1a1c01bbd47fc00a2c39e90264f33305004495a9","hash":"1e8687504eafc9f68981dd8ed06982206e88cc3b"}
,"C:\\Users\\User\\OneDrive\\Documents\\kuliah\\smt 7\\Proyek Perangkat Lunak II\\SIP\\ppl2-sip\\backend\\models\\Paslon.js": {"path":"C:\\Users\\User\\OneDrive\\Documents\\kuliah\\smt 7\\Proyek Perangkat Lunak II\\SIP\\ppl2-sip\\backend\\models\\Paslon.js","statementMap":{"0":{"start":{"line":3,"column":15},"end":{"line":34,"column":2}},"1":{"start":{"line":36,"column":0},"end":{"line":36,"column":30}}},"fnMap":{},"branchMap":{},"s":{"0":7,"1":7},"f":{},"b":{},"_coverageSchema":"1a1c01bbd47fc00a2c39e90264f33305004495a9","hash":"f3ff63702caf3324a1112e4ebea4bf45303cd754"}
,"C:\\Users\\User\\OneDrive\\Documents\\kuliah\\smt 7\\Proyek Perangkat Lunak II\\SIP\\ppl2-sip\\backend\\models\\Pilpres2019.js": {"path":"C:\\Users\\User\\OneDrive\\Documents\\kuliah\\smt 7\\Proyek Perangkat Lunak II\\SIP\\ppl2-sip\\backend\\models\\Pilpres2019.js","statementMap":{"0":{"start":{"line":4,"column":26},"end":{"line":17,"column":2}},"1":{"start":{"line":19,"column":0},"end":{"line":19,"column":42}}},"fnMap":{},"branchMap":{},"s":{"0":7,"1":7},"f":{},"b":{},"_coverageSchema":"1a1c01bbd47fc00a2c39e90264f33305004495a9","hash":"d58e54c6fc6d4d40010e9ce8101c45c34ddfe2c5"}
,"C:\\Users\\User\\OneDrive\\Documents\\kuliah\\smt 7\\Proyek Perangkat Lunak II\\SIP\\ppl2-sip\\backend\\models\\User.js": {"path":"C:\\Users\\User\\OneDrive\\Documents\\kuliah\\smt 7\\Proyek Perangkat Lunak II\\SIP\\ppl2-sip\\backend\\models\\User.js","statementMap":{"0":{"start":{"line":5,"column":19},"end":{"line":40,"column":2}},"1":{"start":{"line":15,"column":28},"end":{"line":15,"column":52}},"2":{"start":{"line":23,"column":28},"end":{"line":23,"column":51}},"3":{"start":{"line":31,"column":28},"end":{"line":31,"column":48}},"4":{"start":{"line":42,"column":0},"end":{"line":42,"column":35}},"5":{"start":{"line":44,"column":0},"end":{"line":58,"column":3}},"6":{"start":{"line":45,"column":15},"end":{"line":45,"column":19}},"7":{"start":{"line":47,"column":2},"end":{"line":47,"column":50}},"8":{"start":{"line":47,"column":36},"end":{"line":47,"column":50}},"9":{"start":{"line":49,"column":2},"end":{"line":57,"column":3}},"10":{"start":{"line":51,"column":27},"end":{"line":51,"column":59}},"11":{"start":{"line":53,"column":4},"end":{"line":53,"column":35}},"12":{"start":{"line":54,"column":4},"end":{"line":54,"column":11}},"13":{"start":{"line":56,"column":4},"end":{"line":56,"column":21}},"14":{"start":{"line":60,"column":0},"end":{"line":67,"column":2}},"15":{"start":{"line":61,"column":2},"end":{"line":66,"column":3}},"16":{"start":{"line":62,"column":20},"end":{"line":62,"column":73}},"17":{"start":{"line":63,"column":4},"end":{"line":63,"column":22}},"18":{"start":{"line":65,"column":4},"end":{"line":65,"column":19}},"19":{"start":{"line":72,"column":24},"end":{"line":72,"column":33}},"20":{"start":{"line":73,"column":2},"end":{"line":73,"column":38}},"21":{"start":{"line":78,"column":21},"end":{"line":78,"column":34}},"22":{"start":{"line":79,"column":2},"end":{"line":79,"column":38}}},"fnMap":{"0":{"name":"(anonymous_0)","decl":{"start":{"line":15,"column":17},"end":{"line":15,"column":18}},"loc":{"start":{"line":15,"column":28},"end":{"line":15,"column":52}},"line":15},"1":{"name":"(anonymous_1)","decl":{"start":{"line":23,"column":17},"end":{"line":23,"column":18}},"loc":{"start":{"line":23,"column":28},"end":{"line":23,"column":51}},"line":23},"2":{"name":"(anonymous_2)","decl":{"start":{"line":31,"column":17},"end":{"line":31,"column":18}},"loc":{"start":{"line":31,"column":28},"end":{"line":31,"column":48}},"line":31},"3":{"name":"(anonymous_3)","decl":{"start":{"line":44,"column":23},"end":{"line":44,"column":24}},"loc":{"start":{"line":44,"column":45},"end":{"line":58,"column":1}},"line":44},"4":{"name":"(anonymous_4)","decl":{"start":{"line":60,"column":37},"end":{"line":60,"column":38}},"loc":{"start":{"line":60,"column":76},"end":{"line":67,"column":1}},"line":60},"5":{"name":"isStrongPassword","decl":{"start":{"line":69,"column":9},"end":{"line":69,"column":25}},"loc":{"start":{"line":69,"column":36},"end":{"line":74,"column":1}},"line":69},"6":{"name":"isPhoneNumber","decl":{"start":{"line":76,"column":9},"end":{"line":76,"column":22}},"loc":{"start":{"line":76,"column":36},"end":{"line":80,"column":1}},"line":76}},"branchMap":{"0":{"loc":{"start":{"line":47,"column":2},"end":{"line":47,"column":50}},"type":"if","locations":[{"start":{"line":47,"column":2},"end":{"line":47,"column":50}},{"start":{},"end":{}}],"line":47}},"s":{"0":7,"1":16,"2":16,"3":16,"4":7,"5":7,"6":5,"7":5,"8":0,"9":5,"10":5,"11":5,"12":5,"13":0,"14":7,"15":0,"16":0,"17":0,"18":0,"19":16,"20":16,"21":16,"22":16},"f":{"0":16,"1":16,"2":16,"3":5,"4":0,"5":16,"6":16},"b":{"0":[0,5]},"_coverageSchema":"1a1c01bbd47fc00a2c39e90264f33305004495a9","hash":"06b43b3cbdedd4d78042280c173468769c66443d"}
,"C:\\Users\\User\\OneDrive\\Documents\\kuliah\\smt 7\\Proyek Perangkat Lunak II\\SIP\\ppl2-sip\\backend\\routes\\CalonDPRRoute.js": {"path":"C:\\Users\\User\\OneDrive\\Documents\\kuliah\\smt 7\\Proyek Perangkat Lunak II\\SIP\\ppl2-sip\\backend\\routes\\CalonDPRRoute.js","statementMap":{"0":{"start":{"line":10,"column":15},"end":{"line":10,"column":31}},"1":{"start":{"line":13,"column":0},"end":{"line":13,"column":41}},"2":{"start":{"line":16,"column":0},"end":{"line":16,"column":41}},"3":{"start":{"line":19,"column":0},"end":{"line":19,"column":45}},"4":{"start":{"line":22,"column":0},"end":{"line":22,"column":44}},"5":{"start":{"line":25,"column":0},"end":{"line":25,"column":47}}},"fnMap":{},"branchMap":{},"s":{"0":7,"1":7,"2":7,"3":7,"4":7,"5":7},"f":{},"b":{},"_coverageSchema":"1a1c01bbd47fc00a2c39e90264f33305004495a9","hash":"9416c3880d9892ab683b0734630810a4eb74a60c"}
,"C:\\Users\\User\\OneDrive\\Documents\\kuliah\\smt 7\\Proyek Perangkat Lunak II\\SIP\\ppl2-sip\\backend\\routes\\ForumRoute.js": {"path":"C:\\Users\\User\\OneDrive\\Documents\\kuliah\\smt 7\\Proyek Perangkat Lunak II\\SIP\\ppl2-sip\\backend\\routes\\ForumRoute.js","statementMap":{"0":{"start":{"line":17,"column":15},"end":{"line":17,"column":31}},"1":{"start":{"line":20,"column":0},"end":{"line":20,"column":36}},"2":{"start":{"line":21,"column":0},"end":{"line":21,"column":45}},"3":{"start":{"line":22,"column":0},"end":{"line":22,"column":36}},"4":{"start":{"line":23,"column":0},"end":{"line":23,"column":42}},"5":{"start":{"line":24,"column":0},"end":{"line":24,"column":47}},"6":{"start":{"line":27,"column":0},"end":{"line":27,"column":48}},"7":{"start":{"line":28,"column":0},"end":{"line":28,"column":40}},"8":{"start":{"line":29,"column":0},"end":{"line":29,"column":54}},"9":{"start":{"line":30,"column":0},"end":{"line":30,"column":65}},"10":{"start":{"line":31,"column":0},"end":{"line":31,"column":70}},"11":{"start":{"line":32,"column":0},"end":{"line":32,"column":70}}},"fnMap":{},"branchMap":{},"s":{"0":7,"1":7,"2":7,"3":7,"4":7,"5":7,"6":7,"7":7,"8":7,"9":7,"10":7,"11":7},"f":{},"b":{},"_coverageSchema":"1a1c01bbd47fc00a2c39e90264f33305004495a9","hash":"7441e033c78446061d667facc812b98805d13006"}
,"C:\\Users\\User\\OneDrive\\Documents\\kuliah\\smt 7\\Proyek Perangkat Lunak II\\SIP\\ppl2-sip\\backend\\routes\\KilasBalikRoute.js": {"path":"C:\\Users\\User\\OneDrive\\Documents\\kuliah\\smt 7\\Proyek Perangkat Lunak II\\SIP\\ppl2-sip\\backend\\routes\\KilasBalikRoute.js","statementMap":{"0":{"start":{"line":4,"column":15},"end":{"line":4,"column":31}},"1":{"start":{"line":7,"column":0},"end":{"line":7,"column":51}},"2":{"start":{"line":8,"column":0},"end":{"line":8,"column":53}}},"fnMap":{},"branchMap":{},"s":{"0":7,"1":7,"2":7},"f":{},"b":{},"_coverageSchema":"1a1c01bbd47fc00a2c39e90264f33305004495a9","hash":"a6eee12f59ee2d1eca81f1d209f93396b5bc7aac"}
,"C:\\Users\\User\\OneDrive\\Documents\\kuliah\\smt 7\\Proyek Perangkat Lunak II\\SIP\\ppl2-sip\\backend\\routes\\LoginRegisterRoute.js": {"path":"C:\\Users\\User\\OneDrive\\Documents\\kuliah\\smt 7\\Proyek Perangkat Lunak II\\SIP\\ppl2-sip\\backend\\routes\\LoginRegisterRoute.js","statementMap":{"0":{"start":{"line":6,"column":15},"end":{"line":6,"column":31}},"1":{"start":{"line":9,"column":0},"end":{"line":9,"column":39}},"2":{"start":{"line":12,"column":0},"end":{"line":12,"column":33}},"3":{"start":{"line":15,"column":0},"end":{"line":15,"column":35}},"4":{"start":{"line":18,"column":0},"end":{"line":18,"column":61}},"5":{"start":{"line":21,"column":0},"end":{"line":21,"column":71}}},"fnMap":{},"branchMap":{},"s":{"0":7,"1":7,"2":7,"3":7,"4":7,"5":7},"f":{},"b":{},"_coverageSchema":"1a1c01bbd47fc00a2c39e90264f33305004495a9","hash":"25be1c430067f153399045d8e72f92ca0458db76"}
,"C:\\Users\\User\\OneDrive\\Documents\\kuliah\\smt 7\\Proyek Perangkat Lunak II\\SIP\\ppl2-sip\\backend\\routes\\PartaiInfoRoute.js": {"path":"C:\\Users\\User\\OneDrive\\Documents\\kuliah\\smt 7\\Proyek Perangkat Lunak II\\SIP\\ppl2-sip\\backend\\routes\\PartaiInfoRoute.js","statementMap":{"0":{"start":{"line":4,"column":15},"end":{"line":4,"column":31}},"1":{"start":{"line":7,"column":0},"end":{"line":7,"column":43}},"2":{"start":{"line":10,"column":0},"end":{"line":10,"column":50}},"3":{"start":{"line":13,"column":0},"end":{"line":13,"column":44}},"4":{"start":{"line":16,"column":0},"end":{"line":16,"column":49}},"5":{"start":{"line":19,"column":0},"end":{"line":19,"column":52}}},"fnMap":{},"branchMap":{},"s":{"0":7,"1":7,"2":7,"3":7,"4":7,"5":7},"f":{},"b":{},"_coverageSchema":"1a1c01bbd47fc00a2c39e90264f33305004495a9","hash":"d085e76bcb6216a2b8cd21ab89ad23a8e3dbf504"}
,"C:\\Users\\User\\OneDrive\\Documents\\kuliah\\smt 7\\Proyek Perangkat Lunak II\\SIP\\ppl2-sip\\backend\\routes\\PaslonRoute.js": {"path":"C:\\Users\\User\\OneDrive\\Documents\\kuliah\\smt 7\\Proyek Perangkat Lunak II\\SIP\\ppl2-sip\\backend\\routes\\PaslonRoute.js","statementMap":{"0":{"start":{"line":4,"column":15},"end":{"line":4,"column":31}},"1":{"start":{"line":7,"column":0},"end":{"line":7,"column":35}},"2":{"start":{"line":10,"column":0},"end":{"line":10,"column":42}},"3":{"start":{"line":13,"column":0},"end":{"line":13,"column":36}},"4":{"start":{"line":16,"column":0},"end":{"line":16,"column":41}},"5":{"start":{"line":19,"column":0},"end":{"line":19,"column":44}}},"fnMap":{},"branchMap":{},"s":{"0":7,"1":7,"2":7,"3":7,"4":7,"5":7},"f":{},"b":{},"_coverageSchema":"1a1c01bbd47fc00a2c39e90264f33305004495a9","hash":"4aede3f69276e81c4b7adfc287ef3c4e1e1b80b4"}
,"C:\\Users\\User\\OneDrive\\Documents\\kuliah\\smt 7\\Proyek Perangkat Lunak II\\SIP\\ppl2-sip\\backend\\routes\\UserRoute.js": {"path":"C:\\Users\\User\\OneDrive\\Documents\\kuliah\\smt 7\\Proyek Perangkat Lunak II\\SIP\\ppl2-sip\\backend\\routes\\UserRoute.js","statementMap":{"0":{"start":{"line":9,"column":15},"end":{"line":9,"column":31}},"1":{"start":{"line":11,"column":0},"end":{"line":11,"column":30}},"2":{"start":{"line":12,"column":0},"end":{"line":12,"column":37}},"3":{"start":{"line":13,"column":0},"end":{"line":13,"column":31}},"4":{"start":{"line":14,"column":0},"end":{"line":14,"column":38}},"5":{"start":{"line":15,"column":0},"end":{"line":15,"column":39}}},"fnMap":{},"branchMap":{},"s":{"0":7,"1":7,"2":7,"3":7,"4":7,"5":7},"f":{},"b":{},"_coverageSchema":"1a1c01bbd47fc00a2c39e90264f33305004495a9","hash":"42301eda2a84d238cd165c45eb942a73d28b97c5"}
}
