{"C:\\Users\\User\\OneDrive\\Documents\\kuliah\\smt 7\\Proyek Perangkat Lunak II\\SIP\\ppl2-sip\\backend\\index.js": {"path":"C:\\Users\\User\\OneDrive\\Documents\\kuliah\\smt 7\\Proyek Perangkat Lunak II\\SIP\\ppl2-sip\\backend\\index.js","statementMap":{"0":{"start":{"line":13,"column":0},"end":{"line":13,"column":15}},"1":{"start":{"line":15,"column":12},"end":{"line":15,"column":21}},"2":{"start":{"line":16,"column":19},"end":{"line":19,"column":1}},"3":{"start":{"line":20,"column":0},"end":{"line":25,"column":1}},"4":{"start":{"line":21,"column":4},"end":{"line":21,"column":89}},"5":{"start":{"line":23,"column":4},"end":{"line":23,"column":136}},"6":{"start":{"line":26,"column":11},"end":{"line":26,"column":30}},"7":{"start":{"line":27,"column":0},"end":{"line":27,"column":43}},"8":{"start":{"line":27,"column":24},"end":{"line":27,"column":42}},"9":{"start":{"line":28,"column":0},"end":{"line":28,"column":56}},"10":{"start":{"line":28,"column":22},"end":{"line":28,"column":55}},"11":{"start":{"line":30,"column":0},"end":{"line":30,"column":15}},"12":{"start":{"line":31,"column":0},"end":{"line":31,"column":24}},"13":{"start":{"line":32,"column":0},"end":{"line":32,"column":48}},"14":{"start":{"line":33,"column":0},"end":{"line":33,"column":18}},"15":{"start":{"line":36,"column":0},"end":{"line":36,"column":27}},"16":{"start":{"line":37,"column":0},"end":{"line":37,"column":24}},"17":{"start":{"line":38,"column":0},"end":{"line":38,"column":20}},"18":{"start":{"line":39,"column":0},"end":{"line":39,"column":19}},"19":{"start":{"line":40,"column":0},"end":{"line":40,"column":24}},"20":{"start":{"line":42,"column":0},"end":{"line":42,"column":72}},"21":{"start":{"line":42,"column":22},"end":{"line":42,"column":71}}},"fnMap":{"0":{"name":"(anonymous_0)","decl":{"start":{"line":27,"column":15},"end":{"line":27,"column":16}},"loc":{"start":{"line":27,"column":24},"end":{"line":27,"column":42}},"line":27},"1":{"name":"(anonymous_1)","decl":{"start":{"line":28,"column":16},"end":{"line":28,"column":17}},"loc":{"start":{"line":28,"column":22},"end":{"line":28,"column":55}},"line":28},"2":{"name":"(anonymous_2)","decl":{"start":{"line":42,"column":17},"end":{"line":42,"column":18}},"loc":{"start":{"line":42,"column":22},"end":{"line":42,"column":71}},"line":42}},"branchMap":{"0":{"loc":{"start":{"line":20,"column":0},"end":{"line":25,"column":1}},"type":"if","locations":[{"start":{"line":20,"column":0},"end":{"line":25,"column":1}},{"start":{"line":22,"column":6},"end":{"line":25,"column":1}}],"line":20}},"s":{"0":1,"1":1,"2":1,"3":1,"4":1,"5":0,"6":1,"7":1,"8":0,"9":1,"10":1,"11":1,"12":1,"13":1,"14":1,"15":1,"16":1,"17":1,"18":1,"19":1,"20":1,"21":1},"f":{"0":0,"1":1,"2":1},"b":{"0":[1,0]},"_coverageSchema":"1a1c01bbd47fc00a2c39e90264f33305004495a9","hash":"36ae4bbf9dd717ed204505366ed9c6c822695b5d"}
,"C:\\Users\\User\\OneDrive\\Documents\\kuliah\\smt 7\\Proyek Perangkat Lunak II\\SIP\\ppl2-sip\\backend\\Middlewares\\verifyTokenMiddleware.js": {"path":"C:\\Users\\User\\OneDrive\\Documents\\kuliah\\smt 7\\Proyek Perangkat Lunak II\\SIP\\ppl2-sip\\backend\\Middlewares\\verifyTokenMiddleware.js","statementMap":{"0":{"start":{"line":3,"column":30},"end":{"line":21,"column":1}},"1":{"start":{"line":5,"column":16},"end":{"line":5,"column":43}},"2":{"start":{"line":7,"column":2},"end":{"line":9,"column":3}},"3":{"start":{"line":8,"column":4},"end":{"line":8,"column":82}},"4":{"start":{"line":11,"column":2},"end":{"line":20,"column":3}},"5":{"start":{"line":12,"column":22},"end":{"line":12,"column":58}},"6":{"start":{"line":13,"column":20},"end":{"line":13,"column":48}},"7":{"start":{"line":14,"column":4},"end":{"line":14,"column":51}},"8":{"start":{"line":15,"column":4},"end":{"line":15,"column":23}},"9":{"start":{"line":16,"column":4},"end":{"line":16,"column":11}},"10":{"start":{"line":18,"column":4},"end":{"line":18,"column":54}},"11":{"start":{"line":19,"column":4},"end":{"line":19,"column":78}}},"fnMap":{"0":{"name":"(anonymous_0)","decl":{"start":{"line":3,"column":30},"end":{"line":3,"column":31}},"loc":{"start":{"line":3,"column":50},"end":{"line":21,"column":1}},"line":3}},"branchMap":{"0":{"loc":{"start":{"line":7,"column":2},"end":{"line":9,"column":3}},"type":"if","locations":[{"start":{"line":7,"column":2},"end":{"line":9,"column":3}},{"start":{},"end":{}}],"line":7}},"s":{"0":1,"1":0,"2":0,"3":0,"4":0,"5":0,"6":0,"7":0,"8":0,"9":0,"10":0,"11":0},"f":{"0":0},"b":{"0":[0,0]},"_coverageSchema":"1a1c01bbd47fc00a2c39e90264f33305004495a9","hash":"0db6a2789b078f53d9b55b0681fea296b8604a45"}
,"C:\\Users\\User\\OneDrive\\Documents\\kuliah\\smt 7\\Proyek Perangkat Lunak II\\SIP\\ppl2-sip\\backend\\controllers\\ForumController.js": {"path":"C:\\Users\\User\\OneDrive\\Documents\\kuliah\\smt 7\\Proyek Perangkat Lunak II\\SIP\\ppl2-sip\\backend\\controllers\\ForumController.js","statementMap":{"0":{"start":{"line":6,"column":28},"end":{"line":24,"column":1}},"1":{"start":{"line":7,"column":0},"end":{"line":23,"column":1}},"2":{"start":{"line":8,"column":19},"end":{"line":8,"column":37}},"3":{"start":{"line":9,"column":31},"end":{"line":19,"column":9}},"4":{"start":{"line":10,"column":21},"end":{"line":10,"column":58}},"5":{"start":{"line":11,"column":32},"end":{"line":11,"column":36}},"6":{"start":{"line":12,"column":29},"end":{"line":12,"column":82}},"7":{"start":{"line":14,"column":8},"end":{"line":18,"column":10}},"8":{"start":{"line":20,"column":6},"end":{"line":20,"column":35}},"9":{"start":{"line":22,"column":4},"end":{"line":22,"column":53}},"10":{"start":{"line":27,"column":28},"end":{"line":70,"column":1}},"11":{"start":{"line":28,"column":20},"end":{"line":28,"column":38}},"12":{"start":{"line":29,"column":4},"end":{"line":69,"column":5}},"13":{"start":{"line":30,"column":22},"end":{"line":30,"column":51}},"14":{"start":{"line":31,"column":8},"end":{"line":33,"column":9}},"15":{"start":{"line":32,"column":12},"end":{"line":32,"column":73}},"16":{"start":{"line":35,"column":25},"end":{"line":35,"column":66}},"17":{"start":{"line":36,"column":37},"end":{"line":55,"column":11}},"18":{"start":{"line":37,"column":25},"end":{"line":37,"column":64}},"19":{"start":{"line":38,"column":36},"end":{"line":38,"column":40}},"20":{"start":{"line":40,"column":40},"end":{"line":48,"column":15}},"21":{"start":{"line":41,"column":34},"end":{"line":41,"column":71}},"22":{"start":{"line":42,"column":71},"end":{"line":42,"column":80}},"23":{"start":{"line":44,"column":16},"end":{"line":47,"column":18}},"24":{"start":{"line":50,"column":12},"end":{"line":54,"column":14}},"25":{"start":{"line":57,"column":21},"end":{"line":57,"column":58}},"26":{"start":{"line":58,"column":32},"end":{"line":58,"column":36}},"27":{"start":{"line":60,"column":45},"end":{"line":64,"column":9}},"28":{"start":{"line":66,"column":8},"end":{"line":66,"column":47}},"29":{"start":{"line":68,"column":8},"end":{"line":68,"column":57}},"30":{"start":{"line":74,"column":27},"end":{"line":100,"column":1}},"31":{"start":{"line":75,"column":39},"end":{"line":75,"column":47}},"32":{"start":{"line":77,"column":4},"end":{"line":99,"column":5}},"33":{"start":{"line":78,"column":17},"end":{"line":78,"column":48}},"34":{"start":{"line":79,"column":4},"end":{"line":81,"column":5}},"35":{"start":{"line":80,"column":8},"end":{"line":80,"column":68}},"36":{"start":{"line":83,"column":21},"end":{"line":87,"column":6}},"37":{"start":{"line":89,"column":23},"end":{"line":89,"column":44}},"38":{"start":{"line":90,"column":28},"end":{"line":90,"column":32}},"39":{"start":{"line":91,"column":30},"end":{"line":94,"column":5}},"40":{"start":{"line":96,"column":4},"end":{"line":96,"column":44}},"41":{"start":{"line":98,"column":4},"end":{"line":98,"column":53}},"42":{"start":{"line":103,"column":25},"end":{"line":118,"column":1}},"43":{"start":{"line":104,"column":27},"end":{"line":104,"column":35}},"44":{"start":{"line":105,"column":20},"end":{"line":105,"column":38}},"45":{"start":{"line":107,"column":4},"end":{"line":117,"column":5}},"46":{"start":{"line":108,"column":18},"end":{"line":112,"column":5}},"47":{"start":{"line":114,"column":4},"end":{"line":114,"column":20}},"48":{"start":{"line":116,"column":4},"end":{"line":116,"column":53}},"49":{"start":{"line":121,"column":27},"end":{"line":130,"column":1}},"50":{"start":{"line":122,"column":20},"end":{"line":122,"column":38}},"51":{"start":{"line":124,"column":4},"end":{"line":129,"column":5}},"52":{"start":{"line":125,"column":4},"end":{"line":125,"column":43}},"53":{"start":{"line":126,"column":4},"end":{"line":126,"column":57}},"54":{"start":{"line":128,"column":4},"end":{"line":128,"column":53}},"55":{"start":{"line":133,"column":29},"end":{"line":159,"column":1}},"56":{"start":{"line":134,"column":46},"end":{"line":134,"column":54}},"57":{"start":{"line":136,"column":4},"end":{"line":158,"column":5}},"58":{"start":{"line":137,"column":17},"end":{"line":137,"column":48}},"59":{"start":{"line":138,"column":4},"end":{"line":140,"column":5}},"60":{"start":{"line":139,"column":8},"end":{"line":139,"column":68}},"61":{"start":{"line":142,"column":23},"end":{"line":146,"column":6}},"62":{"start":{"line":148,"column":25},"end":{"line":148,"column":48}},"63":{"start":{"line":149,"column":28},"end":{"line":149,"column":32}},"64":{"start":{"line":150,"column":32},"end":{"line":153,"column":5}},"65":{"start":{"line":155,"column":4},"end":{"line":155,"column":46}},"66":{"start":{"line":157,"column":4},"end":{"line":157,"column":53}},"67":{"start":{"line":162,"column":24},"end":{"line":195,"column":1}},"68":{"start":{"line":163,"column":36},"end":{"line":163,"column":44}},"69":{"start":{"line":164,"column":22},"end":{"line":164,"column":42}},"70":{"start":{"line":166,"column":4},"end":{"line":194,"column":5}},"71":{"start":{"line":167,"column":17},"end":{"line":167,"column":48}},"72":{"start":{"line":168,"column":4},"end":{"line":170,"column":5}},"73":{"start":{"line":169,"column":8},"end":{"line":169,"column":68}},"74":{"start":{"line":172,"column":20},"end":{"line":172,"column":53}},"75":{"start":{"line":173,"column":4},"end":{"line":175,"column":5}},"76":{"start":{"line":174,"column":8},"end":{"line":174,"column":71}},"77":{"start":{"line":177,"column":21},"end":{"line":180,"column":5}},"78":{"start":{"line":182,"column":4},"end":{"line":182,"column":35}},"79":{"start":{"line":183,"column":4},"end":{"line":183,"column":25}},"80":{"start":{"line":185,"column":28},"end":{"line":185,"column":32}},"81":{"start":{"line":186,"column":30},"end":{"line":189,"column":5}},"82":{"start":{"line":191,"column":4},"end":{"line":191,"column":44}},"83":{"start":{"line":193,"column":4},"end":{"line":193,"column":53}},"84":{"start":{"line":198,"column":34},"end":{"line":225,"column":1}},"85":{"start":{"line":199,"column":24},"end":{"line":199,"column":32}},"86":{"start":{"line":200,"column":35},"end":{"line":200,"column":45}},"87":{"start":{"line":202,"column":4},"end":{"line":224,"column":5}},"88":{"start":{"line":205,"column":4},"end":{"line":219,"column":5}},"89":{"start":{"line":206,"column":24},"end":{"line":210,"column":9}},"90":{"start":{"line":211,"column":8},"end":{"line":211,"column":90}},"91":{"start":{"line":211,"column":56},"end":{"line":211,"column":88}},"92":{"start":{"line":213,"column":24},"end":{"line":217,"column":9}},"93":{"start":{"line":218,"column":8},"end":{"line":218,"column":32}},"94":{"start":{"line":221,"column":4},"end":{"line":221,"column":28}},"95":{"start":{"line":223,"column":4},"end":{"line":223,"column":53}},"96":{"start":{"line":228,"column":36},"end":{"line":246,"column":1}},"97":{"start":{"line":229,"column":35},"end":{"line":229,"column":45}},"98":{"start":{"line":231,"column":4},"end":{"line":245,"column":5}},"99":{"start":{"line":232,"column":4},"end":{"line":242,"column":5}},"100":{"start":{"line":233,"column":8},"end":{"line":237,"column":10}},"101":{"start":{"line":238,"column":8},"end":{"line":238,"column":61}},"102":{"start":{"line":240,"column":8},"end":{"line":240,"column":51}},"103":{"start":{"line":241,"column":8},"end":{"line":241,"column":63}},"104":{"start":{"line":244,"column":4},"end":{"line":244,"column":53}}},"fnMap":{"0":{"name":"(anonymous_0)","decl":{"start":{"line":6,"column":28},"end":{"line":6,"column":29}},"loc":{"start":{"line":6,"column":48},"end":{"line":24,"column":1}},"line":6},"1":{"name":"(anonymous_1)","decl":{"start":{"line":9,"column":60},"end":{"line":9,"column":61}},"loc":{"start":{"line":9,"column":77},"end":{"line":19,"column":7}},"line":9},"2":{"name":"(anonymous_2)","decl":{"start":{"line":27,"column":28},"end":{"line":27,"column":29}},"loc":{"start":{"line":27,"column":48},"end":{"line":70,"column":1}},"line":27},"3":{"name":"(anonymous_3)","decl":{"start":{"line":36,"column":68},"end":{"line":36,"column":69}},"loc":{"start":{"line":36,"column":87},"end":{"line":55,"column":9}},"line":36},"4":{"name":"(anonymous_4)","decl":{"start":{"line":40,"column":78},"end":{"line":40,"column":79}},"loc":{"start":{"line":40,"column":95},"end":{"line":48,"column":13}},"line":40},"5":{"name":"(anonymous_5)","decl":{"start":{"line":74,"column":27},"end":{"line":74,"column":28}},"loc":{"start":{"line":74,"column":47},"end":{"line":100,"column":1}},"line":74},"6":{"name":"(anonymous_6)","decl":{"start":{"line":103,"column":25},"end":{"line":103,"column":26}},"loc":{"start":{"line":103,"column":45},"end":{"line":118,"column":1}},"line":103},"7":{"name":"(anonymous_7)","decl":{"start":{"line":121,"column":27},"end":{"line":121,"column":28}},"loc":{"start":{"line":121,"column":47},"end":{"line":130,"column":1}},"line":121},"8":{"name":"(anonymous_8)","decl":{"start":{"line":133,"column":29},"end":{"line":133,"column":30}},"loc":{"start":{"line":133,"column":49},"end":{"line":159,"column":1}},"line":133},"9":{"name":"(anonymous_9)","decl":{"start":{"line":162,"column":24},"end":{"line":162,"column":25}},"loc":{"start":{"line":162,"column":44},"end":{"line":195,"column":1}},"line":162},"10":{"name":"(anonymous_10)","decl":{"start":{"line":198,"column":34},"end":{"line":198,"column":35}},"loc":{"start":{"line":198,"column":54},"end":{"line":225,"column":1}},"line":198},"11":{"name":"(anonymous_11)","decl":{"start":{"line":211,"column":45},"end":{"line":211,"column":46}},"loc":{"start":{"line":211,"column":56},"end":{"line":211,"column":88}},"line":211},"12":{"name":"(anonymous_12)","decl":{"start":{"line":228,"column":36},"end":{"line":228,"column":37}},"loc":{"start":{"line":228,"column":56},"end":{"line":246,"column":1}},"line":228}},"branchMap":{"0":{"loc":{"start":{"line":31,"column":8},"end":{"line":33,"column":9}},"type":"if","locations":[{"start":{"line":31,"column":8},"end":{"line":33,"column":9}},{"start":{},"end":{}}],"line":31},"1":{"loc":{"start":{"line":79,"column":4},"end":{"line":81,"column":5}},"type":"if","locations":[{"start":{"line":79,"column":4},"end":{"line":81,"column":5}},{"start":{},"end":{}}],"line":79},"2":{"loc":{"start":{"line":138,"column":4},"end":{"line":140,"column":5}},"type":"if","locations":[{"start":{"line":138,"column":4},"end":{"line":140,"column":5}},{"start":{},"end":{}}],"line":138},"3":{"loc":{"start":{"line":168,"column":4},"end":{"line":170,"column":5}},"type":"if","locations":[{"start":{"line":168,"column":4},"end":{"line":170,"column":5}},{"start":{},"end":{}}],"line":168},"4":{"loc":{"start":{"line":173,"column":4},"end":{"line":175,"column":5}},"type":"if","locations":[{"start":{"line":173,"column":4},"end":{"line":175,"column":5}},{"start":{},"end":{}}],"line":173},"5":{"loc":{"start":{"line":205,"column":4},"end":{"line":219,"column":5}},"type":"if","locations":[{"start":{"line":205,"column":4},"end":{"line":219,"column":5}},{"start":{"line":212,"column":11},"end":{"line":219,"column":5}}],"line":205},"6":{"loc":{"start":{"line":232,"column":4},"end":{"line":242,"column":5}},"type":"if","locations":[{"start":{"line":232,"column":4},"end":{"line":242,"column":5}},{"start":{"line":239,"column":11},"end":{"line":242,"column":5}}],"line":232}},"s":{"0":1,"1":0,"2":0,"3":0,"4":0,"5":0,"6":0,"7":0,"8":0,"9":0,"10":1,"11":0,"12":0,"13":0,"14":0,"15":0,"16":0,"17":0,"18":0,"19":0,"20":0,"21":0,"22":0,"23":0,"24":0,"25":0,"26":0,"27":0,"28":0,"29":0,"30":1,"31":0,"32":0,"33":0,"34":0,"35":0,"36":0,"37":0,"38":0,"39":0,"40":0,"41":0,"42":1,"43":0,"44":0,"45":0,"46":0,"47":0,"48":0,"49":1,"50":0,"51":0,"52":0,"53":0,"54":0,"55":1,"56":0,"57":0,"58":0,"59":0,"60":0,"61":0,"62":0,"63":0,"64":0,"65":0,"66":0,"67":1,"68":0,"69":0,"70":0,"71":0,"72":0,"73":0,"74":0,"75":0,"76":0,"77":0,"78":0,"79":0,"80":0,"81":0,"82":0,"83":0,"84":1,"85":0,"86":0,"87":0,"88":0,"89":0,"90":0,"91":0,"92":0,"93":0,"94":0,"95":0,"96":1,"97":0,"98":0,"99":0,"100":0,"101":0,"102":0,"103":0,"104":0},"f":{"0":0,"1":0,"2":0,"3":0,"4":0,"5":0,"6":0,"7":0,"8":0,"9":0,"10":0,"11":0,"12":0},"b":{"0":[0,0],"1":[0,0],"2":[0,0],"3":[0,0],"4":[0,0],"5":[0,0],"6":[0,0]},"_coverageSchema":"1a1c01bbd47fc00a2c39e90264f33305004495a9","hash":"9312e795c32b7a19709240ed07572350e7a3b06a"}
,"C:\\Users\\User\\OneDrive\\Documents\\kuliah\\smt 7\\Proyek Perangkat Lunak II\\SIP\\ppl2-sip\\backend\\controllers\\KilasBalikController.js": {"path":"C:\\Users\\User\\OneDrive\\Documents\\kuliah\\smt 7\\Proyek Perangkat Lunak II\\SIP\\ppl2-sip\\backend\\controllers\\KilasBalikController.js","statementMap":{"0":{"start":{"line":4,"column":34},"end":{"line":11,"column":1}},"1":{"start":{"line":5,"column":4},"end":{"line":10,"column":5}},"2":{"start":{"line":6,"column":32},"end":{"line":6,"column":56}},"3":{"start":{"line":7,"column":8},"end":{"line":7,"column":34}},"4":{"start":{"line":9,"column":8},"end":{"line":9,"column":57}},"5":{"start":{"line":12,"column":35},"end":{"line":19,"column":1}},"6":{"start":{"line":13,"column":4},"end":{"line":18,"column":5}},"7":{"start":{"line":14,"column":33},"end":{"line":14,"column":58}},"8":{"start":{"line":15,"column":8},"end":{"line":15,"column":35}},"9":{"start":{"line":17,"column":8},"end":{"line":17,"column":57}}},"fnMap":{"0":{"name":"(anonymous_0)","decl":{"start":{"line":4,"column":34},"end":{"line":4,"column":35}},"loc":{"start":{"line":4,"column":54},"end":{"line":11,"column":1}},"line":4},"1":{"name":"(anonymous_1)","decl":{"start":{"line":12,"column":35},"end":{"line":12,"column":36}},"loc":{"start":{"line":12,"column":55},"end":{"line":19,"column":1}},"line":12}},"branchMap":{},"s":{"0":1,"1":0,"2":0,"3":0,"4":0,"5":1,"6":0,"7":0,"8":0,"9":0},"f":{"0":0,"1":0},"b":{},"_coverageSchema":"1a1c01bbd47fc00a2c39e90264f33305004495a9","hash":"c553ebe36284c006ceb64d0632c3d46fed0980af"}
,"C:\\Users\\User\\OneDrive\\Documents\\kuliah\\smt 7\\Proyek Perangkat Lunak II\\SIP\\ppl2-sip\\backend\\controllers\\LoginRegisterController.js": {"path":"C:\\Users\\User\\OneDrive\\Documents\\kuliah\\smt 7\\Proyek Perangkat Lunak II\\SIP\\ppl2-sip\\backend\\controllers\\LoginRegisterController.js","statementMap":{"0":{"start":{"line":5,"column":0},"end":{"line":5,"column":15}},"1":{"start":{"line":7,"column":28},"end":{"line":32,"column":1}},"2":{"start":{"line":8,"column":4},"end":{"line":31,"column":5}},"3":{"start":{"line":9,"column":68},"end":{"line":9,"column":76}},"4":{"start":{"line":12,"column":8},"end":{"line":14,"column":9}},"5":{"start":{"line":13,"column":12},"end":{"line":13,"column":79}},"6":{"start":{"line":16,"column":21},"end":{"line":21,"column":10}},"7":{"start":{"line":24,"column":8},"end":{"line":24,"column":26}},"8":{"start":{"line":26,"column":22},"end":{"line":26,"column":41}},"9":{"start":{"line":28,"column":8},"end":{"line":28,"column":81}},"10":{"start":{"line":30,"column":8},"end":{"line":30,"column":57}},"11":{"start":{"line":34,"column":25},"end":{"line":60,"column":1}},"12":{"start":{"line":35,"column":4},"end":{"line":59,"column":5}},"13":{"start":{"line":36,"column":36},"end":{"line":36,"column":44}},"14":{"start":{"line":39,"column":21},"end":{"line":39,"column":50}},"15":{"start":{"line":41,"column":8},"end":{"line":43,"column":9}},"16":{"start":{"line":42,"column":12},"end":{"line":42,"column":71}},"17":{"start":{"line":46,"column":24},"end":{"line":46,"column":68}},"18":{"start":{"line":48,"column":8},"end":{"line":50,"column":9}},"19":{"start":{"line":49,"column":12},"end":{"line":49,"column":73}},"20":{"start":{"line":53,"column":22},"end":{"line":53,"column":41}},"21":{"start":{"line":55,"column":24},"end":{"line":55,"column":79}},"22":{"start":{"line":56,"column":8},"end":{"line":56,"column":106}},"23":{"start":{"line":58,"column":8},"end":{"line":58,"column":57}},"24":{"start":{"line":62,"column":26},"end":{"line":68,"column":1}},"25":{"start":{"line":67,"column":4},"end":{"line":67,"column":70}},"26":{"start":{"line":70,"column":27},"end":{"line":79,"column":1}},"27":{"start":{"line":71,"column":4},"end":{"line":78,"column":5}},"28":{"start":{"line":73,"column":21},"end":{"line":73,"column":29}},"29":{"start":{"line":74,"column":25},"end":{"line":74,"column":57}},"30":{"start":{"line":75,"column":8},"end":{"line":75,"column":43}},"31":{"start":{"line":77,"column":8},"end":{"line":77,"column":57}},"32":{"start":{"line":82,"column":20},"end":{"line":86,"column":5}},"33":{"start":{"line":88,"column":22},"end":{"line":88,"column":58}},"34":{"start":{"line":89,"column":20},"end":{"line":91,"column":5}},"35":{"start":{"line":93,"column":4},"end":{"line":93,"column":49}}},"fnMap":{"0":{"name":"(anonymous_0)","decl":{"start":{"line":7,"column":28},"end":{"line":7,"column":29}},"loc":{"start":{"line":7,"column":48},"end":{"line":32,"column":1}},"line":7},"1":{"name":"(anonymous_1)","decl":{"start":{"line":34,"column":25},"end":{"line":34,"column":26}},"loc":{"start":{"line":34,"column":45},"end":{"line":60,"column":1}},"line":34},"2":{"name":"(anonymous_2)","decl":{"start":{"line":62,"column":26},"end":{"line":62,"column":27}},"loc":{"start":{"line":62,"column":40},"end":{"line":68,"column":1}},"line":62},"3":{"name":"(anonymous_3)","decl":{"start":{"line":70,"column":27},"end":{"line":70,"column":28}},"loc":{"start":{"line":70,"column":47},"end":{"line":79,"column":1}},"line":70},"4":{"name":"generateToken","decl":{"start":{"line":81,"column":9},"end":{"line":81,"column":22}},"loc":{"start":{"line":81,"column":29},"end":{"line":94,"column":1}},"line":81}},"branchMap":{"0":{"loc":{"start":{"line":12,"column":8},"end":{"line":14,"column":9}},"type":"if","locations":[{"start":{"line":12,"column":8},"end":{"line":14,"column":9}},{"start":{},"end":{}}],"line":12},"1":{"loc":{"start":{"line":41,"column":8},"end":{"line":43,"column":9}},"type":"if","locations":[{"start":{"line":41,"column":8},"end":{"line":43,"column":9}},{"start":{},"end":{}}],"line":41},"2":{"loc":{"start":{"line":48,"column":8},"end":{"line":50,"column":9}},"type":"if","locations":[{"start":{"line":48,"column":8},"end":{"line":50,"column":9}},{"start":{},"end":{}}],"line":48}},"s":{"0":1,"1":1,"2":0,"3":0,"4":0,"5":0,"6":0,"7":0,"8":0,"9":0,"10":0,"11":1,"12":0,"13":0,"14":0,"15":0,"16":0,"17":0,"18":0,"19":0,"20":0,"21":0,"22":0,"23":0,"24":1,"25":0,"26":1,"27":0,"28":0,"29":0,"30":0,"31":0,"32":0,"33":0,"34":0,"35":0},"f":{"0":0,"1":0,"2":0,"3":0,"4":0},"b":{"0":[0,0],"1":[0,0],"2":[0,0]},"_coverageSchema":"1a1c01bbd47fc00a2c39e90264f33305004495a9","hash":"12688d0475de3660abbd78b5239b19992cffb0d5"}
,"C:\\Users\\User\\OneDrive\\Documents\\kuliah\\smt 7\\Proyek Perangkat Lunak II\\SIP\\ppl2-sip\\backend\\controllers\\PartaiInfoController.js": {"path":"C:\\Users\\User\\OneDrive\\Documents\\kuliah\\smt 7\\Proyek Perangkat Lunak II\\SIP\\ppl2-sip\\backend\\controllers\\PartaiInfoController.js","statementMap":{"0":{"start":{"line":3,"column":30},"end":{"line":16,"column":1}},"1":{"start":{"line":4,"column":4},"end":{"line":15,"column":5}},"2":{"start":{"line":5,"column":28},"end":{"line":5,"column":51}},"3":{"start":{"line":6,"column":38},"end":{"line":11,"column":10}},"4":{"start":{"line":7,"column":12},"end":{"line":10,"column":14}},"5":{"start":{"line":12,"column":8},"end":{"line":12,"column":40}},"6":{"start":{"line":14,"column":8},"end":{"line":14,"column":57}},"7":{"start":{"line":18,"column":33},"end":{"line":33,"column":1}},"8":{"start":{"line":19,"column":4},"end":{"line":32,"column":5}},"9":{"start":{"line":20,"column":27},"end":{"line":20,"column":67}},"10":{"start":{"line":21,"column":8},"end":{"line":29,"column":9}},"11":{"start":{"line":22,"column":40},"end":{"line":25,"column":13}},"12":{"start":{"line":26,"column":12},"end":{"line":26,"column":42}},"13":{"start":{"line":28,"column":12},"end":{"line":28,"column":71}},"14":{"start":{"line":31,"column":8},"end":{"line":31,"column":57}},"15":{"start":{"line":35,"column":30},"end":{"line":44,"column":1}},"16":{"start":{"line":36,"column":4},"end":{"line":36,"column":25}},"17":{"start":{"line":37,"column":23},"end":{"line":37,"column":47}},"18":{"start":{"line":38,"column":4},"end":{"line":43,"column":5}},"19":{"start":{"line":39,"column":35},"end":{"line":39,"column":58}},"20":{"start":{"line":40,"column":8},"end":{"line":40,"column":49}},"21":{"start":{"line":42,"column":8},"end":{"line":42,"column":57}},"22":{"start":{"line":46,"column":32},"end":{"line":53,"column":1}},"23":{"start":{"line":47,"column":4},"end":{"line":52,"column":5}},"24":{"start":{"line":48,"column":34},"end":{"line":48,"column":104}},"25":{"start":{"line":49,"column":8},"end":{"line":49,"column":48}},"26":{"start":{"line":51,"column":8},"end":{"line":51,"column":57}},"27":{"start":{"line":55,"column":32},"end":{"line":62,"column":1}},"28":{"start":{"line":56,"column":4},"end":{"line":61,"column":5}},"29":{"start":{"line":57,"column":34},"end":{"line":57,"column":84}},"30":{"start":{"line":58,"column":8},"end":{"line":58,"column":48}},"31":{"start":{"line":60,"column":8},"end":{"line":60,"column":57}}},"fnMap":{"0":{"name":"(anonymous_0)","decl":{"start":{"line":3,"column":30},"end":{"line":3,"column":31}},"loc":{"start":{"line":3,"column":50},"end":{"line":16,"column":1}},"line":3},"1":{"name":"(anonymous_1)","decl":{"start":{"line":6,"column":54},"end":{"line":6,"column":55}},"loc":{"start":{"line":6,"column":62},"end":{"line":11,"column":9}},"line":6},"2":{"name":"(anonymous_2)","decl":{"start":{"line":18,"column":33},"end":{"line":18,"column":34}},"loc":{"start":{"line":18,"column":53},"end":{"line":33,"column":1}},"line":18},"3":{"name":"(anonymous_3)","decl":{"start":{"line":35,"column":30},"end":{"line":35,"column":31}},"loc":{"start":{"line":35,"column":50},"end":{"line":44,"column":1}},"line":35},"4":{"name":"(anonymous_4)","decl":{"start":{"line":46,"column":32},"end":{"line":46,"column":33}},"loc":{"start":{"line":46,"column":52},"end":{"line":53,"column":1}},"line":46},"5":{"name":"(anonymous_5)","decl":{"start":{"line":55,"column":32},"end":{"line":55,"column":33}},"loc":{"start":{"line":55,"column":52},"end":{"line":62,"column":1}},"line":55}},"branchMap":{"0":{"loc":{"start":{"line":21,"column":8},"end":{"line":29,"column":9}},"type":"if","locations":[{"start":{"line":21,"column":8},"end":{"line":29,"column":9}},{"start":{"line":27,"column":15},"end":{"line":29,"column":9}}],"line":21}},"s":{"0":1,"1":0,"2":0,"3":0,"4":0,"5":0,"6":0,"7":1,"8":0,"9":0,"10":0,"11":0,"12":0,"13":0,"14":0,"15":1,"16":0,"17":0,"18":0,"19":0,"20":0,"21":0,"22":1,"23":0,"24":0,"25":0,"26":0,"27":1,"28":0,"29":0,"30":0,"31":0},"f":{"0":0,"1":0,"2":0,"3":0,"4":0,"5":0},"b":{"0":[0,0]},"_coverageSchema":"1a1c01bbd47fc00a2c39e90264f33305004495a9","hash":"55b06dfeddc8fb97f59ef350144fb5fafce01170"}
,"C:\\Users\\User\\OneDrive\\Documents\\kuliah\\smt 7\\Proyek Perangkat Lunak II\\SIP\\ppl2-sip\\backend\\controllers\\PaslonController.js": {"path":"C:\\Users\\User\\OneDrive\\Documents\\kuliah\\smt 7\\Proyek Perangkat Lunak II\\SIP\\ppl2-sip\\backend\\controllers\\PaslonController.js","statementMap":{"0":{"start":{"line":4,"column":26},"end":{"line":17,"column":1}},"1":{"start":{"line":5,"column":4},"end":{"line":16,"column":5}},"2":{"start":{"line":6,"column":24},"end":{"line":6,"column":43}},"3":{"start":{"line":7,"column":34},"end":{"line":12,"column":10}},"4":{"start":{"line":8,"column":12},"end":{"line":11,"column":14}},"5":{"start":{"line":13,"column":8},"end":{"line":13,"column":36}},"6":{"start":{"line":15,"column":8},"end":{"line":15,"column":57}},"7":{"start":{"line":19,"column":29},"end":{"line":37,"column":1}},"8":{"start":{"line":20,"column":4},"end":{"line":36,"column":5}},"9":{"start":{"line":21,"column":23},"end":{"line":21,"column":59}},"10":{"start":{"line":22,"column":27},"end":{"line":22,"column":81}},"11":{"start":{"line":24,"column":33},"end":{"line":28,"column":9}},"12":{"start":{"line":29,"column":8},"end":{"line":33,"column":9}},"13":{"start":{"line":30,"column":12},"end":{"line":30,"column":39}},"14":{"start":{"line":32,"column":12},"end":{"line":32,"column":67}},"15":{"start":{"line":35,"column":8},"end":{"line":35,"column":57}},"16":{"start":{"line":39,"column":26},"end":{"line":48,"column":1}},"17":{"start":{"line":40,"column":4},"end":{"line":40,"column":25}},"18":{"start":{"line":41,"column":19},"end":{"line":41,"column":39}},"19":{"start":{"line":42,"column":4},"end":{"line":47,"column":5}},"20":{"start":{"line":43,"column":31},"end":{"line":43,"column":50}},"21":{"start":{"line":44,"column":8},"end":{"line":44,"column":45}},"22":{"start":{"line":46,"column":8},"end":{"line":46,"column":57}},"23":{"start":{"line":50,"column":28},"end":{"line":57,"column":1}},"24":{"start":{"line":51,"column":4},"end":{"line":56,"column":5}},"25":{"start":{"line":52,"column":30},"end":{"line":52,"column":96}},"26":{"start":{"line":53,"column":8},"end":{"line":53,"column":44}},"27":{"start":{"line":55,"column":8},"end":{"line":55,"column":57}},"28":{"start":{"line":59,"column":28},"end":{"line":66,"column":1}},"29":{"start":{"line":60,"column":4},"end":{"line":65,"column":5}},"30":{"start":{"line":61,"column":30},"end":{"line":61,"column":76}},"31":{"start":{"line":62,"column":8},"end":{"line":62,"column":44}},"32":{"start":{"line":64,"column":8},"end":{"line":64,"column":57}}},"fnMap":{"0":{"name":"(anonymous_0)","decl":{"start":{"line":4,"column":26},"end":{"line":4,"column":27}},"loc":{"start":{"line":4,"column":46},"end":{"line":17,"column":1}},"line":4},"1":{"name":"(anonymous_1)","decl":{"start":{"line":7,"column":46},"end":{"line":7,"column":47}},"loc":{"start":{"line":7,"column":56},"end":{"line":12,"column":9}},"line":7},"2":{"name":"(anonymous_2)","decl":{"start":{"line":19,"column":29},"end":{"line":19,"column":30}},"loc":{"start":{"line":19,"column":49},"end":{"line":37,"column":1}},"line":19},"3":{"name":"(anonymous_3)","decl":{"start":{"line":39,"column":26},"end":{"line":39,"column":27}},"loc":{"start":{"line":39,"column":46},"end":{"line":48,"column":1}},"line":39},"4":{"name":"(anonymous_4)","decl":{"start":{"line":50,"column":28},"end":{"line":50,"column":29}},"loc":{"start":{"line":50,"column":48},"end":{"line":57,"column":1}},"line":50},"5":{"name":"(anonymous_5)","decl":{"start":{"line":59,"column":28},"end":{"line":59,"column":29}},"loc":{"start":{"line":59,"column":48},"end":{"line":66,"column":1}},"line":59}},"branchMap":{"0":{"loc":{"start":{"line":29,"column":8},"end":{"line":33,"column":9}},"type":"if","locations":[{"start":{"line":29,"column":8},"end":{"line":33,"column":9}},{"start":{"line":31,"column":15},"end":{"line":33,"column":9}}],"line":29}},"s":{"0":1,"1":0,"2":0,"3":0,"4":0,"5":0,"6":0,"7":1,"8":0,"9":0,"10":0,"11":0,"12":0,"13":0,"14":0,"15":0,"16":1,"17":0,"18":0,"19":0,"20":0,"21":0,"22":0,"23":1,"24":0,"25":0,"26":0,"27":0,"28":1,"29":0,"30":0,"31":0,"32":0},"f":{"0":0,"1":0,"2":0,"3":0,"4":0,"5":0},"b":{"0":[0,0]},"_coverageSchema":"1a1c01bbd47fc00a2c39e90264f33305004495a9","hash":"d420ce3282f5501364fca09202fff1a05c2bb03f"}
,"C:\\Users\\User\\OneDrive\\Documents\\kuliah\\smt 7\\Proyek Perangkat Lunak II\\SIP\\ppl2-sip\\backend\\controllers\\UserController.js": {"path":"C:\\Users\\User\\OneDrive\\Documents\\kuliah\\smt 7\\Proyek Perangkat Lunak II\\SIP\\ppl2-sip\\backend\\controllers\\UserController.js","statementMap":{"0":{"start":{"line":3,"column":31},"end":{"line":6,"column":3}},"1":{"start":{"line":4,"column":49},"end":{"line":4,"column":64}},"2":{"start":{"line":5,"column":4},"end":{"line":5,"column":31}},"3":{"start":{"line":8,"column":26},"end":{"line":16,"column":3}},"4":{"start":{"line":9,"column":4},"end":{"line":15,"column":5}},"5":{"start":{"line":10,"column":20},"end":{"line":10,"column":37}},"6":{"start":{"line":11,"column":35},"end":{"line":11,"column":68}},"7":{"start":{"line":12,"column":6},"end":{"line":12,"column":37}},"8":{"start":{"line":14,"column":6},"end":{"line":14,"column":55}},"9":{"start":{"line":18,"column":29},"end":{"line":30,"column":3}},"10":{"start":{"line":19,"column":4},"end":{"line":29,"column":5}},"11":{"start":{"line":20,"column":19},"end":{"line":20,"column":53}},"12":{"start":{"line":21,"column":6},"end":{"line":26,"column":7}},"13":{"start":{"line":22,"column":36},"end":{"line":22,"column":64}},"14":{"start":{"line":23,"column":8},"end":{"line":23,"column":38}},"15":{"start":{"line":25,"column":8},"end":{"line":25,"column":61}},"16":{"start":{"line":28,"column":6},"end":{"line":28,"column":55}},"17":{"start":{"line":32,"column":24},"end":{"line":40,"column":1}},"18":{"start":{"line":33,"column":17},"end":{"line":33,"column":35}},"19":{"start":{"line":34,"column":4},"end":{"line":39,"column":5}},"20":{"start":{"line":35,"column":27},"end":{"line":35,"column":44}},"21":{"start":{"line":36,"column":8},"end":{"line":36,"column":41}},"22":{"start":{"line":38,"column":8},"end":{"line":38,"column":55}},"23":{"start":{"line":42,"column":26},"end":{"line":49,"column":1}},"24":{"start":{"line":43,"column":4},"end":{"line":48,"column":5}},"25":{"start":{"line":44,"column":28},"end":{"line":44,"column":87}},"26":{"start":{"line":45,"column":8},"end":{"line":45,"column":42}},"27":{"start":{"line":47,"column":8},"end":{"line":47,"column":55}},"28":{"start":{"line":51,"column":26},"end":{"line":58,"column":1}},"29":{"start":{"line":52,"column":4},"end":{"line":57,"column":5}},"30":{"start":{"line":53,"column":28},"end":{"line":53,"column":69}},"31":{"start":{"line":54,"column":8},"end":{"line":54,"column":42}},"32":{"start":{"line":56,"column":8},"end":{"line":56,"column":55}}},"fnMap":{"0":{"name":"(anonymous_0)","decl":{"start":{"line":3,"column":31},"end":{"line":3,"column":32}},"loc":{"start":{"line":3,"column":41},"end":{"line":6,"column":3}},"line":3},"1":{"name":"(anonymous_1)","decl":{"start":{"line":8,"column":26},"end":{"line":8,"column":27}},"loc":{"start":{"line":8,"column":46},"end":{"line":16,"column":3}},"line":8},"2":{"name":"(anonymous_2)","decl":{"start":{"line":18,"column":29},"end":{"line":18,"column":30}},"loc":{"start":{"line":18,"column":49},"end":{"line":30,"column":3}},"line":18},"3":{"name":"(anonymous_3)","decl":{"start":{"line":32,"column":24},"end":{"line":32,"column":25}},"loc":{"start":{"line":32,"column":44},"end":{"line":40,"column":1}},"line":32},"4":{"name":"(anonymous_4)","decl":{"start":{"line":42,"column":26},"end":{"line":42,"column":27}},"loc":{"start":{"line":42,"column":46},"end":{"line":49,"column":1}},"line":42},"5":{"name":"(anonymous_5)","decl":{"start":{"line":51,"column":26},"end":{"line":51,"column":27}},"loc":{"start":{"line":51,"column":46},"end":{"line":58,"column":1}},"line":51}},"branchMap":{"0":{"loc":{"start":{"line":21,"column":6},"end":{"line":26,"column":7}},"type":"if","locations":[{"start":{"line":21,"column":6},"end":{"line":26,"column":7}},{"start":{"line":24,"column":13},"end":{"line":26,"column":7}}],"line":21}},"s":{"0":1,"1":45,"2":45,"3":1,"4":1,"5":1,"6":1,"7":1,"8":0,"9":1,"10":3,"11":3,"12":2,"13":1,"14":1,"15":1,"16":1,"17":1,"18":0,"19":0,"20":0,"21":0,"22":0,"23":1,"24":0,"25":0,"26":0,"27":0,"28":1,"29":0,"30":0,"31":0,"32":0},"f":{"0":45,"1":1,"2":3,"3":0,"4":0,"5":0},"b":{"0":[1,1]},"_coverageSchema":"1a1c01bbd47fc00a2c39e90264f33305004495a9","hash":"39765766917029b7814553b460bc710dc76e7162"}
,"C:\\Users\\User\\OneDrive\\Documents\\kuliah\\smt 7\\Proyek Perangkat Lunak II\\SIP\\ppl2-sip\\backend\\models\\Comment.js": {"path":"C:\\Users\\User\\OneDrive\\Documents\\kuliah\\smt 7\\Proyek Perangkat Lunak II\\SIP\\ppl2-sip\\backend\\models\\Comment.js","statementMap":{"0":{"start":{"line":3,"column":20},"end":{"line":13,"column":2}},"1":{"start":{"line":15,"column":22},"end":{"line":27,"column":2}},"2":{"start":{"line":29,"column":16},"end":{"line":29,"column":56}}},"fnMap":{},"branchMap":{},"s":{"0":1,"1":1,"2":1},"f":{},"b":{},"_coverageSchema":"1a1c01bbd47fc00a2c39e90264f33305004495a9","hash":"74a70be99e098b5aea7306bf71cd9b9b40daa1bd"}
,"C:\\Users\\User\\OneDrive\\Documents\\kuliah\\smt 7\\Proyek Perangkat Lunak II\\SIP\\ppl2-sip\\backend\\models\\Forum.js": {"path":"C:\\Users\\User\\OneDrive\\Documents\\kuliah\\smt 7\\Proyek Perangkat Lunak II\\SIP\\ppl2-sip\\backend\\models\\Forum.js","statementMap":{"0":{"start":{"line":4,"column":20},"end":{"line":8,"column":2}},"1":{"start":{"line":9,"column":0},"end":{"line":9,"column":36}}},"fnMap":{},"branchMap":{},"s":{"0":1,"1":1},"f":{},"b":{},"_coverageSchema":"1a1c01bbd47fc00a2c39e90264f33305004495a9","hash":"c37cf242611a05b50902b87a097a04349fdca46c"}
,"C:\\Users\\User\\OneDrive\\Documents\\kuliah\\smt 7\\Proyek Perangkat Lunak II\\SIP\\ppl2-sip\\backend\\models\\HasilDPR2019.js": {"path":"C:\\Users\\User\\OneDrive\\Documents\\kuliah\\smt 7\\Proyek Perangkat Lunak II\\SIP\\ppl2-sip\\backend\\models\\HasilDPR2019.js","statementMap":{"0":{"start":{"line":3,"column":22},"end":{"line":72,"column":2}},"1":{"start":{"line":74,"column":0},"end":{"line":74,"column":38}}},"fnMap":{},"branchMap":{},"s":{"0":1,"1":1},"f":{},"b":{},"_coverageSchema":"1a1c01bbd47fc00a2c39e90264f33305004495a9","hash":"58ee96342a281a264aefa9392f9159755317c481"}
,"C:\\Users\\User\\OneDrive\\Documents\\kuliah\\smt 7\\Proyek Perangkat Lunak II\\SIP\\ppl2-sip\\backend\\models\\PartaiInfo.js": {"path":"C:\\Users\\User\\OneDrive\\Documents\\kuliah\\smt 7\\Proyek Perangkat Lunak II\\SIP\\ppl2-sip\\backend\\models\\PartaiInfo.js","statementMap":{"0":{"start":{"line":3,"column":19},"end":{"line":37,"column":2}},"1":{"start":{"line":39,"column":0},"end":{"line":39,"column":34}}},"fnMap":{},"branchMap":{},"s":{"0":1,"1":1},"f":{},"b":{},"_coverageSchema":"1a1c01bbd47fc00a2c39e90264f33305004495a9","hash":"4fcb2c9a3ba3fa361377a55904d83725a21033d3"}
,"C:\\Users\\User\\OneDrive\\Documents\\kuliah\\smt 7\\Proyek Perangkat Lunak II\\SIP\\ppl2-sip\\backend\\models\\Paslon.js": {"path":"C:\\Users\\User\\OneDrive\\Documents\\kuliah\\smt 7\\Proyek Perangkat Lunak II\\SIP\\ppl2-sip\\backend\\models\\Paslon.js","statementMap":{"0":{"start":{"line":3,"column":15},"end":{"line":34,"column":2}},"1":{"start":{"line":36,"column":0},"end":{"line":36,"column":30}}},"fnMap":{},"branchMap":{},"s":{"0":1,"1":1},"f":{},"b":{},"_coverageSchema":"1a1c01bbd47fc00a2c39e90264f33305004495a9","hash":"f3ff63702caf3324a1112e4ebea4bf45303cd754"}
,"C:\\Users\\User\\OneDrive\\Documents\\kuliah\\smt 7\\Proyek Perangkat Lunak II\\SIP\\ppl2-sip\\backend\\models\\Pilpres2019.js": {"path":"C:\\Users\\User\\OneDrive\\Documents\\kuliah\\smt 7\\Proyek Perangkat Lunak II\\SIP\\ppl2-sip\\backend\\models\\Pilpres2019.js","statementMap":{"0":{"start":{"line":4,"column":26},"end":{"line":17,"column":2}},"1":{"start":{"line":19,"column":0},"end":{"line":19,"column":42}}},"fnMap":{},"branchMap":{},"s":{"0":1,"1":1},"f":{},"b":{},"_coverageSchema":"1a1c01bbd47fc00a2c39e90264f33305004495a9","hash":"d58e54c6fc6d4d40010e9ce8101c45c34ddfe2c5"}
,"C:\\Users\\User\\OneDrive\\Documents\\kuliah\\smt 7\\Proyek Perangkat Lunak II\\SIP\\ppl2-sip\\backend\\models\\User.js": {"path":"C:\\Users\\User\\OneDrive\\Documents\\kuliah\\smt 7\\Proyek Perangkat Lunak II\\SIP\\ppl2-sip\\backend\\models\\User.js","statementMap":{"0":{"start":{"line":4,"column":19},"end":{"line":27,"column":2}},"1":{"start":{"line":29,"column":0},"end":{"line":29,"column":35}},"2":{"start":{"line":31,"column":0},"end":{"line":45,"column":3}},"3":{"start":{"line":32,"column":15},"end":{"line":32,"column":19}},"4":{"start":{"line":34,"column":2},"end":{"line":34,"column":50}},"5":{"start":{"line":34,"column":36},"end":{"line":34,"column":50}},"6":{"start":{"line":36,"column":2},"end":{"line":44,"column":3}},"7":{"start":{"line":38,"column":27},"end":{"line":38,"column":59}},"8":{"start":{"line":40,"column":4},"end":{"line":40,"column":35}},"9":{"start":{"line":41,"column":4},"end":{"line":41,"column":11}},"10":{"start":{"line":43,"column":4},"end":{"line":43,"column":21}},"11":{"start":{"line":47,"column":0},"end":{"line":54,"column":2}},"12":{"start":{"line":48,"column":2},"end":{"line":53,"column":3}},"13":{"start":{"line":49,"column":20},"end":{"line":49,"column":73}},"14":{"start":{"line":50,"column":4},"end":{"line":50,"column":22}},"15":{"start":{"line":52,"column":4},"end":{"line":52,"column":19}}},"fnMap":{"0":{"name":"(anonymous_0)","decl":{"start":{"line":31,"column":23},"end":{"line":31,"column":24}},"loc":{"start":{"line":31,"column":45},"end":{"line":45,"column":1}},"line":31},"1":{"name":"(anonymous_1)","decl":{"start":{"line":47,"column":37},"end":{"line":47,"column":38}},"loc":{"start":{"line":47,"column":76},"end":{"line":54,"column":1}},"line":47}},"branchMap":{"0":{"loc":{"start":{"line":34,"column":2},"end":{"line":34,"column":50}},"type":"if","locations":[{"start":{"line":34,"column":2},"end":{"line":34,"column":50}},{"start":{},"end":{}}],"line":34}},"s":{"0":1,"1":1,"2":1,"3":0,"4":0,"5":0,"6":0,"7":0,"8":0,"9":0,"10":0,"11":1,"12":0,"13":0,"14":0,"15":0},"f":{"0":0,"1":0},"b":{"0":[0,0]},"_coverageSchema":"1a1c01bbd47fc00a2c39e90264f33305004495a9","hash":"85561dfc6c615f49ca44125619d1c6b7ce8596f7"}
,"C:\\Users\\User\\OneDrive\\Documents\\kuliah\\smt 7\\Proyek Perangkat Lunak II\\SIP\\ppl2-sip\\backend\\routes\\ForumRoute.js": {"path":"C:\\Users\\User\\OneDrive\\Documents\\kuliah\\smt 7\\Proyek Perangkat Lunak II\\SIP\\ppl2-sip\\backend\\routes\\ForumRoute.js","statementMap":{"0":{"start":{"line":15,"column":15},"end":{"line":15,"column":31}},"1":{"start":{"line":18,"column":0},"end":{"line":18,"column":36}},"2":{"start":{"line":19,"column":0},"end":{"line":19,"column":45}},"3":{"start":{"line":20,"column":0},"end":{"line":20,"column":36}},"4":{"start":{"line":21,"column":0},"end":{"line":21,"column":42}},"5":{"start":{"line":22,"column":0},"end":{"line":22,"column":47}},"6":{"start":{"line":25,"column":0},"end":{"line":25,"column":40}},"7":{"start":{"line":26,"column":0},"end":{"line":26,"column":54}},"8":{"start":{"line":27,"column":0},"end":{"line":27,"column":65}},"9":{"start":{"line":28,"column":0},"end":{"line":28,"column":70}}},"fnMap":{},"branchMap":{},"s":{"0":1,"1":1,"2":1,"3":1,"4":1,"5":1,"6":1,"7":1,"8":1,"9":1},"f":{},"b":{},"_coverageSchema":"1a1c01bbd47fc00a2c39e90264f33305004495a9","hash":"031bd567dab94bb435dcb35f1266eda1150859a2"}
,"C:\\Users\\User\\OneDrive\\Documents\\kuliah\\smt 7\\Proyek Perangkat Lunak II\\SIP\\ppl2-sip\\backend\\routes\\KilasBalikRoute.js": {"path":"C:\\Users\\User\\OneDrive\\Documents\\kuliah\\smt 7\\Proyek Perangkat Lunak II\\SIP\\ppl2-sip\\backend\\routes\\KilasBalikRoute.js","statementMap":{"0":{"start":{"line":4,"column":15},"end":{"line":4,"column":31}},"1":{"start":{"line":7,"column":0},"end":{"line":7,"column":51}},"2":{"start":{"line":8,"column":0},"end":{"line":8,"column":53}}},"fnMap":{},"branchMap":{},"s":{"0":1,"1":1,"2":1},"f":{},"b":{},"_coverageSchema":"1a1c01bbd47fc00a2c39e90264f33305004495a9","hash":"a6eee12f59ee2d1eca81f1d209f93396b5bc7aac"}
,"C:\\Users\\User\\OneDrive\\Documents\\kuliah\\smt 7\\Proyek Perangkat Lunak II\\SIP\\ppl2-sip\\backend\\routes\\LoginRegisterRoute.js": {"path":"C:\\Users\\User\\OneDrive\\Documents\\kuliah\\smt 7\\Proyek Perangkat Lunak II\\SIP\\ppl2-sip\\backend\\routes\\LoginRegisterRoute.js","statementMap":{"0":{"start":{"line":6,"column":15},"end":{"line":6,"column":31}},"1":{"start":{"line":9,"column":0},"end":{"line":9,"column":39}},"2":{"start":{"line":12,"column":0},"end":{"line":12,"column":33}},"3":{"start":{"line":15,"column":0},"end":{"line":15,"column":35}},"4":{"start":{"line":17,"column":0},"end":{"line":17,"column":61}}},"fnMap":{},"branchMap":{},"s":{"0":1,"1":1,"2":1,"3":1,"4":1},"f":{},"b":{},"_coverageSchema":"1a1c01bbd47fc00a2c39e90264f33305004495a9","hash":"1c8c645cb0bbbe337272bc259111586b4240c852"}
,"C:\\Users\\User\\OneDrive\\Documents\\kuliah\\smt 7\\Proyek Perangkat Lunak II\\SIP\\ppl2-sip\\backend\\routes\\PartaiInfoRoute.js": {"path":"C:\\Users\\User\\OneDrive\\Documents\\kuliah\\smt 7\\Proyek Perangkat Lunak II\\SIP\\ppl2-sip\\backend\\routes\\PartaiInfoRoute.js","statementMap":{"0":{"start":{"line":4,"column":15},"end":{"line":4,"column":31}},"1":{"start":{"line":7,"column":0},"end":{"line":7,"column":43}},"2":{"start":{"line":10,"column":0},"end":{"line":10,"column":50}},"3":{"start":{"line":13,"column":0},"end":{"line":13,"column":44}},"4":{"start":{"line":16,"column":0},"end":{"line":16,"column":49}},"5":{"start":{"line":19,"column":0},"end":{"line":19,"column":52}}},"fnMap":{},"branchMap":{},"s":{"0":1,"1":1,"2":1,"3":1,"4":1,"5":1},"f":{},"b":{},"_coverageSchema":"1a1c01bbd47fc00a2c39e90264f33305004495a9","hash":"d085e76bcb6216a2b8cd21ab89ad23a8e3dbf504"}
,"C:\\Users\\User\\OneDrive\\Documents\\kuliah\\smt 7\\Proyek Perangkat Lunak II\\SIP\\ppl2-sip\\backend\\routes\\PaslonRoute.js": {"path":"C:\\Users\\User\\OneDrive\\Documents\\kuliah\\smt 7\\Proyek Perangkat Lunak II\\SIP\\ppl2-sip\\backend\\routes\\PaslonRoute.js","statementMap":{"0":{"start":{"line":4,"column":15},"end":{"line":4,"column":31}},"1":{"start":{"line":7,"column":0},"end":{"line":7,"column":35}},"2":{"start":{"line":10,"column":0},"end":{"line":10,"column":42}},"3":{"start":{"line":13,"column":0},"end":{"line":13,"column":36}},"4":{"start":{"line":16,"column":0},"end":{"line":16,"column":41}},"5":{"start":{"line":19,"column":0},"end":{"line":19,"column":44}}},"fnMap":{},"branchMap":{},"s":{"0":1,"1":1,"2":1,"3":1,"4":1,"5":1},"f":{},"b":{},"_coverageSchema":"1a1c01bbd47fc00a2c39e90264f33305004495a9","hash":"4aede3f69276e81c4b7adfc287ef3c4e1e1b80b4"}
,"C:\\Users\\User\\OneDrive\\Documents\\kuliah\\smt 7\\Proyek Perangkat Lunak II\\SIP\\ppl2-sip\\backend\\routes\\UserRoute.js": {"path":"C:\\Users\\User\\OneDrive\\Documents\\kuliah\\smt 7\\Proyek Perangkat Lunak II\\SIP\\ppl2-sip\\backend\\routes\\UserRoute.js","statementMap":{"0":{"start":{"line":9,"column":15},"end":{"line":9,"column":31}},"1":{"start":{"line":11,"column":0},"end":{"line":11,"column":30}},"2":{"start":{"line":12,"column":0},"end":{"line":12,"column":37}},"3":{"start":{"line":13,"column":0},"end":{"line":13,"column":31}},"4":{"start":{"line":14,"column":0},"end":{"line":14,"column":38}},"5":{"start":{"line":15,"column":0},"end":{"line":15,"column":39}}},"fnMap":{},"branchMap":{},"s":{"0":1,"1":1,"2":1,"3":1,"4":1,"5":1},"f":{},"b":{},"_coverageSchema":"1a1c01bbd47fc00a2c39e90264f33305004495a9","hash":"42301eda2a84d238cd165c45eb942a73d28b97c5"}
}
