TN:
SF:index.js
FN:28,(anonymous_0)
FN:29,(anonymous_1)
FN:44,(anonymous_2)
FNF:3
FNH:2
FNDA:0,(anonymous_0)
FNDA:7,(anonymous_1)
FNDA:1,(anonymous_2)
DA:14,7
DA:16,7
DA:17,7
DA:21,7
DA:22,7
DA:24,0
DA:27,7
DA:28,7
DA:29,7
DA:31,7
DA:32,7
DA:33,7
DA:34,7
DA:37,7
DA:38,7
DA:39,7
DA:40,7
DA:41,7
DA:42,7
DA:44,7
LF:20
LH:19
BRDA:21,0,0,7
BRDA:21,0,1,0
BRF:2
BRH:1
end_of_record
TN:
SF:Middlewares\verifyTokenMiddleware.js
FN:3,(anonymous_0)
FNF:1
FNH:1
FNDA:6,(anonymous_0)
DA:3,7
DA:5,6
DA:7,6
DA:8,2
DA:11,4
DA:12,4
DA:13,4
DA:14,2
DA:15,2
DA:16,2
DA:18,2
DA:19,2
LF:12
LH:12
BRDA:7,0,0,2
BRDA:7,0,1,4
BRF:2
BRH:2
end_of_record
TN:
SF:controllers\CalonDPRController.js
FN:4,(anonymous_0)
FN:14,(anonymous_1)
FN:24,(anonymous_2)
FN:37,(anonymous_3)
FN:54,(anonymous_4)
FNF:5
FNH:5
FNDA:1,(anonymous_0)
FNDA:1,(anonymous_1)
FNDA:3,(anonymous_2)
FNDA:2,(anonymous_3)
FNDA:3,(anonymous_4)
DA:4,7
DA:5,1
DA:6,1
DA:7,1
DA:9,0
DA:14,7
DA:15,1
DA:16,1
DA:17,0
DA:19,1
DA:24,7
DA:25,3
DA:26,3
DA:27,2
DA:28,1
DA:30,1
DA:32,1
DA:37,7
DA:38,2
DA:39,2
DA:44,1
DA:45,0
DA:47,1
DA:49,1
DA:54,7
DA:55,3
DA:56,3
DA:57,2
DA:58,1
DA:60,1
DA:62,1
LF:31
LH:28
BRDA:27,0,0,1
BRDA:27,0,1,1
BRDA:44,1,0,0
BRDA:44,1,1,1
BRDA:57,2,0,1
BRDA:57,2,1,1
BRF:6
BRH:5
end_of_record
TN:
SF:controllers\ForumController.js
FN:6,(anonymous_0)
FN:9,(anonymous_1)
FN:27,(anonymous_2)
FN:36,(anonymous_3)
FN:40,(anonymous_4)
FN:74,(anonymous_5)
FN:103,(anonymous_6)
FN:121,(anonymous_7)
FN:133,(anonymous_8)
FN:162,(anonymous_9)
FN:198,(anonymous_10)
FN:211,(anonymous_11)
FN:228,(anonymous_12)
FN:248,(anonymous_13)
FN:251,(anonymous_14)
FN:255,(anonymous_15)
FN:278,(anonymous_16)
FNF:17
FNH:17
FNDA:1,(anonymous_0)
FNDA:8,(anonymous_1)
FNDA:3,(anonymous_2)
FNDA:2,(anonymous_3)
FNDA:2,(anonymous_4)
FNDA:6,(anonymous_5)
FNDA:2,(anonymous_6)
FNDA:2,(anonymous_7)
FNDA:4,(anonymous_8)
FNDA:5,(anonymous_9)
FNDA:2,(anonymous_10)
FNDA:1,(anonymous_11)
FNDA:4,(anonymous_12)
FNDA:1,(anonymous_13)
FNDA:28,(anonymous_14)
FNDA:29,(anonymous_15)
FNDA:1,(anonymous_16)
DA:6,7
DA:7,1
DA:8,1
DA:9,1
DA:10,8
DA:11,8
DA:12,8
DA:14,8
DA:20,1
DA:22,0
DA:27,7
DA:28,3
DA:29,3
DA:30,3
DA:31,2
DA:32,1
DA:35,1
DA:36,1
DA:37,2
DA:38,2
DA:40,2
DA:41,2
DA:42,2
DA:44,2
DA:50,2
DA:57,1
DA:58,1
DA:60,1
DA:66,1
DA:68,1
DA:74,7
DA:75,6
DA:77,6
DA:78,6
DA:79,5
DA:80,2
DA:83,3
DA:89,3
DA:90,1
DA:91,1
DA:96,1
DA:98,3
DA:103,7
DA:104,2
DA:105,2
DA:107,2
DA:108,2
DA:114,1
DA:116,1
DA:121,7
DA:122,2
DA:124,2
DA:125,2
DA:126,1
DA:128,1
DA:133,7
DA:134,4
DA:136,4
DA:137,4
DA:138,4
DA:139,1
DA:142,3
DA:148,3
DA:149,1
DA:150,1
DA:155,1
DA:157,2
DA:162,7
DA:163,5
DA:164,5
DA:166,5
DA:167,5
DA:168,5
DA:169,1
DA:172,4
DA:173,3
DA:174,1
DA:177,2
DA:182,2
DA:183,2
DA:185,1
DA:186,1
DA:191,1
DA:193,2
DA:198,7
DA:199,2
DA:200,2
DA:202,2
DA:205,2
DA:206,1
DA:211,1
DA:213,1
DA:218,1
DA:221,2
DA:223,0
DA:228,7
DA:229,4
DA:231,4
DA:232,4
DA:233,2
DA:238,1
DA:240,2
DA:241,1
DA:244,2
DA:248,7
DA:249,1
DA:250,1
DA:251,1
DA:252,28
DA:253,28
DA:255,28
DA:256,29
DA:257,29
DA:259,29
DA:265,28
DA:271,1
DA:273,0
DA:278,7
DA:279,1
DA:280,1
DA:281,1
DA:283,1
DA:285,1
DA:288,1
DA:290,28
DA:292,29
DA:294,4
DA:295,4
DA:296,4
DA:310,1
DA:312,0
LF:131
LH:127
BRDA:31,0,0,1
BRDA:31,0,1,1
BRDA:79,1,0,2
BRDA:79,1,1,3
BRDA:138,2,0,1
BRDA:138,2,1,3
BRDA:168,3,0,1
BRDA:168,3,1,4
BRDA:173,4,0,1
BRDA:173,4,1,2
BRDA:205,5,0,1
BRDA:205,5,1,1
BRDA:232,6,0,2
BRDA:232,6,1,2
BRDA:292,7,0,4
BRDA:292,7,1,25
BRF:16
BRH:16
end_of_record
TN:
SF:controllers\KilasBalikController.js
FN:4,(anonymous_0)
FN:12,(anonymous_1)
FNF:2
FNH:2
FNDA:1,(anonymous_0)
FNDA:1,(anonymous_1)
DA:4,7
DA:5,1
DA:6,1
DA:7,0
DA:9,1
DA:12,7
DA:13,1
DA:14,1
DA:15,1
DA:17,0
LF:10
LH:8
BRF:0
BRH:0
end_of_record
TN:
SF:controllers\LoginRegisterController.js
FN:10,(anonymous_0)
FN:40,(anonymous_1)
FN:66,(anonymous_2)
FN:74,(anonymous_3)
FN:91,generateToken
FN:106,(anonymous_5)
FNF:6
FNH:6
FNDA:10,(anonymous_0)
FNDA:6,(anonymous_1)
FNDA:1,(anonymous_2)
FNDA:1,(anonymous_3)
FNDA:2,generateToken
FNDA:1,(anonymous_5)
DA:7,7
DA:10,7
DA:11,10
DA:12,10
DA:13,10
DA:14,10
DA:15,1
DA:18,9
DA:19,1
DA:22,8
DA:30,8
DA:32,1
DA:34,1
DA:36,7
DA:40,7
DA:41,6
DA:42,6
DA:45,6
DA:47,6
DA:48,3
DA:52,3
DA:54,3
DA:55,2
DA:59,1
DA:60,1
DA:62,0
DA:66,7
DA:71,1
DA:74,7
DA:75,1
DA:77,1
DA:78,1
DA:79,1
DA:80,1
DA:81,1
DA:87,0
DA:92,2
DA:98,2
DA:99,2
DA:103,2
DA:106,7
DA:107,1
DA:108,1
DA:111,1
DA:112,0
DA:116,1
DA:118,1
DA:119,0
DA:123,1
DA:125,1
DA:126,0
DA:132,1
DA:133,1
DA:135,1
DA:137,0
LF:55
LH:49
BRDA:14,0,0,1
BRDA:14,0,1,9
BRDA:18,1,0,1
BRDA:18,1,1,8
BRDA:47,2,0,3
BRDA:47,2,1,3
BRDA:54,3,0,2
BRDA:54,3,1,1
BRDA:111,4,0,0
BRDA:111,4,1,1
BRDA:118,5,0,0
BRDA:118,5,1,1
BRDA:125,6,0,0
BRDA:125,6,1,1
BRF:14
BRH:11
end_of_record
TN:
SF:controllers\PartaiInfoController.js
FN:4,(anonymous_0)
FN:7,(anonymous_1)
FN:19,(anonymous_2)
FN:39,(anonymous_3)
FN:50,(anonymous_4)
FN:69,(anonymous_5)
FNF:6
FNH:6
FNDA:1,(anonymous_0)
FNDA:25,(anonymous_1)
FNDA:3,(anonymous_2)
FNDA:4,(anonymous_3)
FNDA:4,(anonymous_4)
FNDA:3,(anonymous_5)
DA:4,7
DA:5,1
DA:6,1
DA:7,1
DA:8,25
DA:13,1
DA:15,0
DA:19,7
DA:20,3
DA:21,3
DA:22,2
DA:23,1
DA:25,1
DA:30,1
DA:32,1
DA:35,1
DA:39,7
DA:40,4
DA:41,4
DA:42,4
DA:43,4
DA:44,1
DA:46,3
DA:50,7
DA:51,4
DA:52,4
DA:53,4
DA:54,1
DA:56,3
DA:57,3
DA:58,3
DA:59,1
DA:62,2
DA:63,1
DA:65,1
DA:69,7
DA:70,3
DA:71,3
DA:72,2
DA:73,1
DA:75,2
DA:76,1
DA:78,1
LF:43
LH:42
BRDA:22,0,0,1
BRDA:22,0,1,1
BRDA:53,1,0,1
BRDA:53,1,1,3
BRDA:56,2,0,3
BRDA:56,2,1,0
BRDA:58,3,0,1
BRDA:58,3,1,2
BRDA:72,4,0,1
BRDA:72,4,1,1
BRF:10
BRH:9
end_of_record
TN:
SF:controllers\PaslonController.js
FN:4,(anonymous_0)
FN:7,(anonymous_1)
FN:13,(anonymous_2)
FN:21,(anonymous_3)
FN:41,(anonymous_4)
FN:52,(anonymous_5)
FN:61,(anonymous_6)
FNF:7
FNH:5
FNDA:1,(anonymous_0)
FNDA:0,(anonymous_1)
FNDA:0,(anonymous_2)
FNDA:3,(anonymous_3)
FNDA:1,(anonymous_4)
FNDA:2,(anonymous_5)
FNDA:2,(anonymous_6)
DA:4,7
DA:5,1
DA:6,1
DA:7,0
DA:13,0
DA:15,0
DA:17,1
DA:21,7
DA:22,3
DA:23,3
DA:24,2
DA:26,1
DA:31,1
DA:32,1
DA:34,0
DA:37,2
DA:41,7
DA:42,1
DA:43,1
DA:44,1
DA:45,1
DA:46,1
DA:48,0
DA:52,7
DA:53,2
DA:54,2
DA:55,1
DA:57,1
DA:61,7
DA:62,2
DA:63,2
DA:64,1
DA:66,1
LF:33
LH:28
BRDA:31,0,0,1
BRDA:31,0,1,0
BRF:2
BRH:1
end_of_record
TN:
SF:controllers\UserController.js
FN:5,(anonymous_0)
FN:10,(anonymous_1)
FN:20,(anonymous_2)
FN:34,(anonymous_3)
FN:44,(anonymous_4)
FN:84,(anonymous_5)
FN:97,isStrongPassword
FN:104,isPhoneNumber
FNF:8
FNH:8
FNDA:1,(anonymous_0)
FNDA:1,(anonymous_1)
FNDA:3,(anonymous_2)
FNDA:9,(anonymous_3)
FNDA:5,(anonymous_4)
FNDA:3,(anonymous_5)
FNDA:1,isStrongPassword
FNDA:1,isPhoneNumber
DA:5,7
DA:6,1
DA:7,1
DA:10,7
DA:11,1
DA:12,1
DA:13,0
DA:14,0
DA:16,1
DA:20,7
DA:21,3
DA:22,3
DA:23,2
DA:24,1
DA:25,1
DA:27,1
DA:30,1
DA:34,7
DA:35,9
DA:36,9
DA:37,9
DA:38,1
DA:40,8
DA:44,7
DA:45,5
DA:46,5
DA:47,5
DA:48,0
DA:52,5
DA:53,1
DA:57,4
DA:58,1
DA:62,3
DA:63,1
DA:65,2
DA:66,2
DA:67,2
DA:68,1
DA:72,1
DA:73,0
DA:74,0
DA:77,1
DA:78,1
DA:80,0
DA:84,7
DA:85,3
DA:86,3
DA:87,2
DA:88,1
DA:90,2
DA:91,1
DA:93,1
DA:100,1
DA:101,1
DA:106,1
DA:107,1
LF:56
LH:50
BRDA:23,0,0,1
BRDA:23,0,1,1
BRDA:47,1,0,0
BRDA:47,1,1,5
BRDA:52,2,0,1
BRDA:52,2,1,4
BRDA:52,3,0,5
BRDA:52,3,1,3
BRDA:57,4,0,1
BRDA:57,4,1,3
BRDA:57,5,0,4
BRDA:57,5,1,1
BRDA:62,6,0,1
BRDA:62,6,1,2
BRDA:62,7,0,3
BRDA:62,7,1,1
BRDA:65,8,0,2
BRDA:65,8,1,0
BRDA:67,9,0,1
BRDA:67,9,1,1
BRDA:72,10,0,0
BRDA:72,10,1,1
BRDA:87,11,0,1
BRDA:87,11,1,1
BRF:24
BRH:21
end_of_record
TN:
SF:models\CalonDPR.js
FNF:0
FNH:0
DA:3,7
DA:13,7
LF:2
LH:2
BRF:0
BRH:0
end_of_record
TN:
SF:models\Comment.js
FNF:0
FNH:0
DA:3,7
DA:15,7
DA:29,7
LF:3
LH:3
BRF:0
BRH:0
end_of_record
TN:
SF:models\Forum.js
FNF:0
FNH:0
DA:4,7
DA:9,7
LF:2
LH:2
BRF:0
BRH:0
end_of_record
TN:
SF:models\HasilDPR2019.js
FNF:0
FNH:0
DA:3,7
DA:74,7
LF:2
LH:2
BRF:0
BRH:0
end_of_record
TN:
SF:models\PartaiInfo.js
FN:13,(anonymous_0)
FNF:1
FNH:1
FNDA:3,(anonymous_0)
DA:3,7
DA:13,3
DA:47,7
LF:3
LH:3
BRF:0
BRH:0
end_of_record
TN:
SF:models\Paslon.js
FNF:0
FNH:0
DA:3,7
DA:36,7
LF:2
LH:2
BRF:0
BRH:0
end_of_record
TN:
SF:models\Pilpres2019.js
FNF:0
FNH:0
DA:4,7
DA:19,7
LF:2
LH:2
BRF:0
BRH:0
end_of_record
TN:
SF:models\User.js
FN:15,(anonymous_0)
FN:23,(anonymous_1)
FN:31,(anonymous_2)
FN:44,(anonymous_3)
FN:60,(anonymous_4)
FN:69,isStrongPassword
FN:76,isPhoneNumber
FNF:7
FNH:6
FNDA:16,(anonymous_0)
FNDA:16,(anonymous_1)
FNDA:16,(anonymous_2)
FNDA:5,(anonymous_3)
FNDA:0,(anonymous_4)
FNDA:16,isStrongPassword
FNDA:16,isPhoneNumber
DA:5,7
DA:15,16
DA:23,16
DA:31,16
DA:42,7
DA:44,7
DA:45,5
DA:47,5
DA:49,5
DA:51,5
DA:53,5
DA:54,5
DA:56,0
DA:60,7
DA:61,0
DA:62,0
DA:63,0
DA:65,0
DA:72,16
DA:73,16
DA:78,16
DA:79,16
LF:22
LH:17
BRDA:47,0,0,0
BRDA:47,0,1,5
BRF:2
BRH:1
end_of_record
TN:
SF:routes\CalonDPRRoute.js
FNF:0
FNH:0
DA:10,7
DA:13,7
DA:16,7
DA:19,7
DA:22,7
DA:25,7
LF:6
LH:6
BRF:0
BRH:0
end_of_record
TN:
SF:routes\ForumRoute.js
FNF:0
FNH:0
DA:17,7
DA:20,7
DA:21,7
DA:22,7
DA:23,7
DA:24,7
DA:27,7
DA:28,7
DA:29,7
DA:30,7
DA:31,7
DA:32,7
LF:12
LH:12
BRF:0
BRH:0
end_of_record
TN:
SF:routes\KilasBalikRoute.js
FNF:0
FNH:0
DA:4,7
DA:7,7
DA:8,7
LF:3
LH:3
BRF:0
BRH:0
end_of_record
TN:
SF:routes\LoginRegisterRoute.js
FNF:0
FNH:0
DA:6,7
DA:9,7
DA:12,7
DA:15,7
DA:18,7
DA:21,7
LF:6
LH:6
BRF:0
BRH:0
end_of_record
TN:
SF:routes\PartaiInfoRoute.js
FNF:0
FNH:0
DA:4,7
DA:7,7
DA:10,7
DA:13,7
DA:16,7
DA:19,7
LF:6
LH:6
BRF:0
BRH:0
end_of_record
TN:
SF:routes\PaslonRoute.js
FNF:0
FNH:0
DA:4,7
DA:7,7
DA:10,7
DA:13,7
DA:16,7
DA:19,7
LF:6
LH:6
BRF:0
BRH:0
end_of_record
TN:
SF:routes\UserRoute.js
FNF:0
FNH:0
DA:9,7
DA:11,7
DA:12,7
DA:13,7
DA:14,7
DA:15,7
LF:6
LH:6
BRF:0
BRH:0
end_of_record
